\BOOKMARK [1][-]{section.1}{\376\377\000A\000n\000\341\000l\000i\000s\000e\000\040\000d\000e\000\040\000R\000e\000g\000r\000e\000s\000s\000\343\000o\000\040\000L\000i\000n\000e\000a\000r\000\040\000M\000\372\000l\000t\000i\000p\000l\000a\000,\000\040\000C\000o\000n\000j\000u\000n\000t\000o\000s\000\040\000d\000e\000\040\000D\000a\000d\000o\000s}{}% 1
\BOOKMARK [2][-]{subsection.1.1}{\376\377\000E\000x\000p\000e\000c\000t\000a\000t\000i\000v\000a\000\040\000d\000e\000\040\000V\000i\000d\000a\000\040\000p\000o\000r\000\040\000P\000a\000\355\000s\000\040\000\050\000n\000o\000r\000m\000a\000l\000\051}{section.1}% 2
\BOOKMARK [3][-]{subsubsection.1.1.1}{\376\377\000S\000o\000b\000r\000e\000\040\000o\000\040\000C\000o\000n\000j\000u\000n\000t\000o}{subsection.1.1}% 3
\BOOKMARK [3][-]{subsubsection.1.1.2}{\376\377\000C\000o\000m\000o\000\040\000u\000t\000i\000l\000i\000z\000a\000r\000\040\000o\000\040\000c\000o\000n\000j\000u\000n\000t\000o\000\040\000\050\000c\000\363\000p\000i\000a\000\040\000d\000e\000\040\000a\000r\000q\000u\000i\000v\000o\000\040\000C\000S\000V\000,\000\040\000l\000o\000c\000a\000l\000m\000e\000n\000t\000e\000\051}{subsection.1.1}% 4
\BOOKMARK [3][-]{subsubsection.1.1.3}{\376\377\000R\000e\000g\000r\000e\000s\000s\000\343\000o\000\040\000e\000\040\000T\000e\000s\000t\000e\000\040\000d\000e\000\040\000S\000h\000a\000p\000i\000r\000o\000\040\000\050\000n\000o\000r\000m\000a\000l\000\051}{subsection.1.1}% 5
\BOOKMARK [2][-]{subsection.1.2}{\376\377\000C\000o\000n\000s\000u\000m\000o\000\040\000d\000e\000\040\000C\000i\000g\000a\000r\000r\000o\000\040\000\050\000n\000\343\000o\000\040\000n\000o\000r\000m\000a\000l\000\051}{section.1}% 6
\BOOKMARK [3][-]{subsubsection.1.2.1}{\376\377\000S\000o\000b\000r\000e\000\040\000o\000\040\000C\000o\000n\000j\000u\000n\000t\000o}{subsection.1.2}% 7
\BOOKMARK [3][-]{subsubsection.1.2.2}{\376\377\000C\000o\000m\000o\000\040\000u\000t\000i\000l\000i\000z\000a\000r\000\040\000p\000e\000l\000o\000\040\000R}{subsection.1.2}% 8
\BOOKMARK [3][-]{subsubsection.1.2.3}{\376\377\000I\000n\000v\000o\000c\000a\000\347\000\343\000o\000\040\000d\000e\000\040\000c\000o\000n\000j\000u\000t\000o\000,\000\040\000p\000o\000r\000\040\000a\000r\000q\000u\000i\000v\000o\000\040\000l\000o\000c\000a\000l}{subsection.1.2}% 9
\BOOKMARK [3][-]{subsubsection.1.2.4}{\376\377\000R\000e\000g\000r\000e\000s\000s\000\343\000o\000\040\000e\000\040\000T\000e\000s\000t\000e\000\040\000d\000e\000\040\000S\000h\000a\000p\000i\000r\000o\000\040\000\050\000n\000\343\000o\000\040\000n\000o\000r\000m\000a\000l\000\051}{subsection.1.2}% 10
\BOOKMARK [2][-]{subsection.1.3}{\376\377\000I\000n\000t\000e\000l\000i\000g\000\352\000n\000c\000i\000a\000\040\000d\000e\000\040\000p\000r\000o\000d\000\355\000g\000i\000o\000s\000\040\000\050\000n\000o\000r\000m\000a\000l\000\051}{section.1}% 11
\BOOKMARK [3][-]{subsubsection.1.3.1}{\376\377\000S\000o\000b\000r\000e\000\040\000o\000\040\000C\000o\000n\000j\000u\000n\000t\000o}{subsection.1.3}% 12
\BOOKMARK [3][-]{subsubsection.1.3.2}{\376\377\000I\000n\000v\000o\000c\000a\000\347\000\343\000o\000\040\000d\000e\000\040\000c\000o\000n\000j\000u\000t\000o\000,\000\040\000p\000o\000r\000\040\000a\000r\000q\000u\000i\000v\000o\000\040\000l\000o\000c\000a\000l}{subsection.1.3}% 13
\BOOKMARK [3][-]{subsubsection.1.3.3}{\376\377\000R\000e\000g\000r\000e\000s\000s\000\343\000o\000\040\000e\000\040\000T\000e\000s\000t\000e\000\040\000d\000e\000\040\000S\000h\000a\000p\000i\000r\000o\000\040\000\050\000n\000o\000r\000m\000a\000l\000\051}{subsection.1.3}% 14
\BOOKMARK [2][-]{subsection.1.4}{\376\377\000S\000A\000T\000\040\000-\000\040\000P\000r\000o\000f\000e\000s\000s\000o\000r\000e\000s\000\040\000\050\000n\000\343\000o\000\040\000n\000o\000r\000m\000a\000l\000\051}{section.1}% 15
\BOOKMARK [3][-]{subsubsection.1.4.1}{\376\377\000S\000o\000b\000r\000e\000\040\000o\000\040\000C\000o\000n\000j\000u\000n\000t\000o}{subsection.1.4}% 16
\BOOKMARK [3][-]{subsubsection.1.4.2}{\376\377\000C\000o\000m\000o\000\040\000u\000t\000i\000l\000i\000z\000a\000r\000\040\000p\000e\000l\000o\000\040\000R}{subsection.1.4}% 17
\BOOKMARK [3][-]{subsubsection.1.4.3}{\376\377\000I\000n\000v\000o\000c\000a\000\347\000\343\000o\000\040\000d\000e\000\040\000c\000o\000n\000j\000u\000t\000o\000,\000\040\000p\000o\000r\000\040\000a\000r\000q\000u\000i\000v\000o\000\040\000l\000o\000c\000a\000l}{subsection.1.4}% 18
\BOOKMARK [3][-]{subsubsection.1.4.4}{\376\377\000R\000e\000g\000r\000e\000s\000s\000\343\000o\000\040\000e\000\040\000T\000e\000s\000t\000e\000\040\000d\000e\000\040\000S\000h\000a\000p\000i\000r\000o\000\040\000\050\000n\000\343\000o\000\040\000n\000o\000r\000m\000a\000l\000\051}{subsection.1.4}% 19
\BOOKMARK [2][-]{subsection.1.5}{\376\377\000T\000o\000x\000i\000c\000i\000d\000a\000d\000e\000\040\000\050\000n\000\343\000o\000\040\000n\000o\000r\000m\000a\000l\000\051}{section.1}% 20
\BOOKMARK [3][-]{subsubsection.1.5.1}{\376\377\000S\000o\000b\000r\000e\000\040\000o\000\040\000C\000o\000n\000j\000u\000n\000t\000o}{subsection.1.5}% 21
\BOOKMARK [3][-]{subsubsection.1.5.2}{\376\377\000C\000o\000m\000o\000\040\000u\000t\000i\000l\000i\000z\000a\000r\000\040\000p\000e\000l\000o\000\040\000R}{subsection.1.5}% 22
\BOOKMARK [3][-]{subsubsection.1.5.3}{\376\377\000I\000n\000v\000o\000c\000a\000\347\000\343\000o\000\040\000d\000e\000\040\000c\000o\000n\000j\000u\000t\000o\000,\000\040\000p\000o\000r\000\040\000a\000r\000q\000u\000i\000v\000o\000\040\000l\000o\000c\000a\000l}{subsection.1.5}% 23
\BOOKMARK [3][-]{subsubsection.1.5.4}{\376\377\000R\000e\000g\000r\000e\000s\000s\000\343\000o\000\040\000e\000\040\000T\000e\000s\000t\000e\000\040\000d\000e\000\040\000S\000h\000a\000p\000i\000r\000o\000\040\000\050\000n\000\343\000o\000\040\000n\000o\000r\000m\000a\000l\000\051}{subsection.1.5}% 24
\BOOKMARK [2][-]{subsection.1.6}{\376\377\000F\000e\000r\000t\000i\000l\000i\000d\000a\000d\000e\000\040\000F\000e\000m\000i\000n\000i\000n\000a\000\040\000\050\000n\000\343\000o\000\040\000n\000o\000r\000m\000a\000l\000\051}{section.1}% 25
\BOOKMARK [3][-]{subsubsection.1.6.1}{\376\377\000S\000o\000b\000r\000e\000\040\000o\000\040\000C\000o\000n\000j\000u\000n\000t\000o}{subsection.1.6}% 26
\BOOKMARK [3][-]{subsubsection.1.6.2}{\376\377\000C\000o\000m\000o\000\040\000u\000t\000i\000l\000i\000z\000a\000r\000\040\000p\000e\000l\000o\000\040\000R}{subsection.1.6}% 27
\BOOKMARK [3][-]{subsubsection.1.6.3}{\376\377\000I\000n\000v\000o\000c\000a\000\347\000\343\000o\000\040\000d\000e\000\040\000c\000o\000n\000j\000u\000t\000o\000,\000\040\000p\000o\000r\000\040\000a\000r\000q\000u\000i\000v\000o\000\040\000l\000o\000c\000a\000l}{subsection.1.6}% 28
\BOOKMARK [3][-]{subsubsection.1.6.4}{\376\377\000R\000e\000g\000r\000e\000s\000s\000\343\000o\000\040\000e\000\040\000T\000e\000s\000t\000e\000\040\000d\000e\000\040\000S\000h\000a\000p\000i\000r\000o\000\040\000\050\000n\000\343\000o\000\040\000n\000o\000r\000m\000a\000l\000\051}{subsection.1.6}% 29
\BOOKMARK [2][-]{subsection.1.7}{\376\377\000A\000t\000i\000t\000u\000d\000e\000s\000\040\000e\000m\000\040\000r\000e\000l\000a\000\347\000\343\000o\000\040\000\340\000\040\000e\000m\000p\000r\000e\000s\000a\000\040\000\050\000n\000o\000r\000m\000a\000l\000\051}{section.1}% 30
\BOOKMARK [3][-]{subsubsection.1.7.1}{\376\377\000S\000o\000b\000r\000e\000\040\000o\000\040\000C\000o\000n\000j\000u\000n\000t\000o}{subsection.1.7}% 31
\BOOKMARK [3][-]{subsubsection.1.7.2}{\376\377\000C\000o\000m\000o\000\040\000u\000t\000i\000l\000i\000z\000a\000r\000\040\000p\000e\000l\000o\000\040\000R}{subsection.1.7}% 32
\BOOKMARK [3][-]{subsubsection.1.7.3}{\376\377\000I\000n\000v\000o\000c\000a\000\347\000\343\000o\000\040\000d\000e\000\040\000c\000o\000n\000j\000u\000t\000o\000,\000\040\000p\000o\000r\000\040\000a\000r\000q\000u\000i\000v\000o\000\040\000l\000o\000c\000a\000l}{subsection.1.7}% 33
\BOOKMARK [3][-]{subsubsection.1.7.4}{\376\377\000R\000e\000g\000r\000e\000s\000s\000\343\000o\000\040\000e\000\040\000T\000e\000s\000t\000e\000\040\000d\000e\000\040\000S\000h\000a\000p\000i\000r\000o\000\040\000\050\000n\000o\000r\000m\000a\000l\000\051}{subsection.1.7}% 34
\BOOKMARK [2][-]{subsection.1.8}{\376\377\000H\000i\000p\000\363\000t\000e\000s\000e\000\040\000d\000e\000\040\000c\000i\000c\000l\000o\000s\000-\000d\000e\000-\000e\000c\000o\000n\000o\000m\000i\000a\000\040\000s\000a\000l\000a\000r\000i\000a\000l\000\040\000\050\000n\000o\000r\000m\000a\000l\000\051}{section.1}% 35
\BOOKMARK [3][-]{subsubsection.1.8.1}{\376\377\000S\000o\000b\000r\000e\000\040\000o\000\040\000C\000o\000n\000j\000u\000n\000t\000o}{subsection.1.8}% 36
\BOOKMARK [3][-]{subsubsection.1.8.2}{\376\377\000C\000o\000m\000o\000\040\000u\000t\000i\000l\000i\000z\000a\000r\000\040\000p\000e\000l\000o\000\040\000R}{subsection.1.8}% 37
\BOOKMARK [3][-]{subsubsection.1.8.3}{\376\377\000I\000n\000v\000o\000c\000a\000\347\000\343\000o\000\040\000d\000e\000\040\000c\000o\000n\000j\000u\000t\000o\000,\000\040\000p\000o\000r\000\040\000a\000r\000q\000u\000i\000v\000o\000\040\000l\000o\000c\000a\000l}{subsection.1.8}% 38
\BOOKMARK [3][-]{subsubsection.1.8.4}{\376\377\000R\000e\000g\000r\000e\000s\000s\000\343\000o\000\040\000e\000\040\000T\000e\000s\000t\000e\000\040\000d\000e\000\040\000S\000h\000a\000p\000i\000r\000o\000\040\000\050\000n\000o\000r\000m\000a\000l\000\051}{subsection.1.8}% 39
\BOOKMARK [2][-]{subsection.1.9}{\376\377\000P\000r\000e\000\347\000o\000\040\000d\000e\000\040\000C\000o\000m\000p\000u\000t\000a\000d\000o\000r\000e\000s\000\040\0001\0009\0009\0003\000-\0001\0009\0009\0005\000\040\000\050\000n\000\343\000o\000\040\000n\000o\000r\000m\000a\000l\000\051}{section.1}% 40
\BOOKMARK [3][-]{subsubsection.1.9.1}{\376\377\000D\000a\000d\000o\000s\000\040\000s\000o\000b\000r\000e\000\040\000o\000\040\000C\000o\000n\000j\000u\000n\000t\000o}{subsection.1.9}% 41
\BOOKMARK [3][-]{subsubsection.1.9.2}{\376\377\000C\000o\000m\000o\000\040\000u\000t\000i\000l\000i\000z\000a\000r\000\040\000p\000e\000l\000o\000\040\000R}{subsection.1.9}% 42
\BOOKMARK [3][-]{subsubsection.1.9.3}{\376\377\000I\000n\000v\000o\000c\000a\000\347\000\343\000o\000\040\000d\000e\000\040\000c\000o\000n\000j\000u\000t\000o\000,\000\040\000p\000o\000r\000\040\000a\000r\000q\000u\000i\000v\000o\000\040\000l\000o\000c\000a\000l}{subsection.1.9}% 43
\BOOKMARK [3][-]{subsubsection.1.9.4}{\376\377\000R\000e\000g\000r\000e\000s\000s\000\343\000o\000\040\000e\000\040\000T\000e\000s\000t\000e\000\040\000d\000e\000\040\000S\000h\000a\000p\000i\000r\000o\000\040\000\050\000n\000\343\000o\000\040\000n\000o\000r\000m\000a\000l\000\051}{subsection.1.9}% 44
\BOOKMARK [2][-]{subsection.1.10}{\376\377\000P\000e\000s\000o\000\040\000a\000o\000\040\000N\000a\000s\000c\000i\000m\000e\000n\000t\000o\000\040\000\050\000n\000o\000r\000m\000a\000l\000\051}{section.1}% 45
\BOOKMARK [3][-]{subsubsection.1.10.1}{\376\377\000D\000a\000d\000o\000s\000\040\000s\000o\000b\000r\000e\000\040\000o\000\040\000C\000o\000n\000j\000u\000n\000t\000o}{subsection.1.10}% 46
\BOOKMARK [3][-]{subsubsection.1.10.2}{\376\377\000I\000n\000v\000o\000c\000a\000\347\000\343\000o\000\040\000d\000e\000\040\000c\000o\000n\000j\000u\000t\000o\000,\000\040\000p\000o\000r\000\040\000a\000r\000q\000u\000i\000v\000o\000\040\000l\000o\000c\000a\000l}{subsection.1.10}% 47
\BOOKMARK [3][-]{subsubsection.1.10.3}{\376\377\000R\000e\000g\000r\000e\000s\000s\000\343\000o\000\040\000e\000\040\000T\000e\000s\000t\000e\000\040\000d\000e\000\040\000S\000h\000a\000p\000i\000r\000o\000\040\000\050\000n\000o\000r\000m\000a\000l\000\051}{subsection.1.10}% 48
\BOOKMARK [2][-]{subsection.1.11}{\376\377\000C\000r\000i\000m\000e\000\040\000\050\000n\000o\000r\000m\000a\000l\000\051}{section.1}% 49
\BOOKMARK [3][-]{subsubsection.1.11.1}{\376\377\000D\000a\000d\000o\000s\000\040\000s\000o\000b\000r\000e\000\040\000o\000\040\000C\000o\000n\000j\000u\000n\000t\000o}{subsection.1.11}% 50
\BOOKMARK [3][-]{subsubsection.1.11.2}{\376\377\000I\000n\000v\000o\000c\000a\000\347\000\343\000o\000\040\000d\000e\000\040\000c\000o\000n\000j\000u\000t\000o\000,\000\040\000p\000o\000r\000\040\000a\000r\000q\000u\000i\000v\000o\000\040\000l\000o\000c\000a\000l}{subsection.1.11}% 51
\BOOKMARK [3][-]{subsubsection.1.11.3}{\376\377\000R\000e\000g\000r\000e\000s\000s\000\343\000o\000\040\000e\000\040\000T\000e\000s\000t\000e\000\040\000d\000e\000\040\000S\000h\000a\000p\000i\000r\000o\000\040\000\050\000n\000o\000r\000m\000a\000l\000\051}{subsection.1.11}% 52
\BOOKMARK [2][-]{subsection.1.12}{\376\377\000P\000e\000r\000f\000o\000r\000m\000a\000n\000c\000e\000\040\000d\000e\000\040\000E\000s\000t\000u\000d\000a\000n\000t\000e\000s\000\040\000\050\000n\000\343\000o\000\040\000n\000o\000r\000m\000a\000l\000\051}{section.1}% 53
\BOOKMARK [3][-]{subsubsection.1.12.1}{\376\377\000D\000a\000d\000o\000s\000\040\000s\000o\000b\000r\000e\000\040\000o\000\040\000C\000o\000n\000j\000u\000n\000t\000o}{subsection.1.12}% 54
\BOOKMARK [3][-]{subsubsection.1.12.2}{\376\377\000I\000n\000v\000o\000c\000a\000\347\000\343\000o\000\040\000d\000e\000\040\000c\000o\000n\000j\000u\000t\000o\000,\000\040\000p\000o\000r\000\040\000a\000r\000q\000u\000i\000v\000o\000\040\000l\000o\000c\000a\000l}{subsection.1.12}% 55
\BOOKMARK [3][-]{subsubsection.1.12.3}{\376\377\000R\000e\000g\000r\000e\000s\000s\000\343\000o\000\040\000e\000\040\000T\000e\000s\000t\000e\000\040\000d\000e\000\040\000S\000h\000a\000p\000i\000r\000o\000\040\000\050\000f\000o\000r\000t\000e\000m\000e\000n\000t\000e\000\040\000n\000\343\000o\000\040\000n\000o\000r\000m\000a\000l\000\051}{subsection.1.12}% 56
