\BOOKMARK [2][-]{subsection.0.1}{\376\377\000E\000x\000p\000e\000c\000t\000a\000t\000i\000v\000a\000\040\000d\000e\000\040\000V\000i\000d\000a\000\040\000p\000o\000r\000\040\000P\000a\000\355\000s}{}% 1
\BOOKMARK [3][-]{subsubsection.0.1.1}{\376\377\000S\000o\000b\000r\000e\000\040\000o\000\040\000C\000o\000n\000j\000u\000n\000t\000o}{subsection.0.1}% 2
\BOOKMARK [3][-]{subsubsection.0.1.2}{\376\377\000C\000o\000m\000o\000\040\000u\000t\000i\000l\000i\000z\000a\000r\000\040\000o\000\040\000c\000o\000n\000j\000u\000n\000t\000o\000\040\000\050\000c\000\363\000p\000i\000a\000\040\000d\000e\000\040\000a\000r\000q\000u\000i\000v\000o\000\040\000C\000S\000V\000,\000\040\000l\000o\000c\000a\000l\000m\000e\000n\000t\000e\000\051}{subsection.0.1}% 3
\BOOKMARK [2][-]{subsection.0.2}{\376\377\000C\000o\000n\000s\000u\000m\000o\000\040\000d\000e\000\040\000C\000i\000g\000a\000r\000r\000o}{}% 4
\BOOKMARK [3][-]{subsubsection.0.2.1}{\376\377\000S\000o\000b\000r\000e\000\040\000o\000\040\000C\000o\000n\000j\000u\000n\000t\000o}{subsection.0.2}% 5
\BOOKMARK [3][-]{subsubsection.0.2.2}{\376\377\000C\000o\000m\000o\000\040\000u\000t\000i\000l\000i\000z\000a\000r\000\040\000p\000e\000l\000o\000\040\000R}{subsection.0.2}% 6
\BOOKMARK [3][-]{subsubsection.0.2.3}{\376\377\000I\000n\000v\000o\000c\000a\000\347\000\343\000o\000\040\000d\000e\000\040\000c\000o\000n\000j\000u\000t\000o\000,\000\040\000p\000o\000r\000\040\000a\000r\000q\000u\000i\000v\000o\000\040\000l\000o\000c\000a\000l}{subsection.0.2}% 7
\BOOKMARK [2][-]{subsection.0.3}{\376\377\000I\000n\000t\000e\000l\000i\000g\000\352\000n\000c\000i\000a\000\040\000d\000e\000\040\000p\000r\000o\000d\000\355\000g\000i\000o\000s}{}% 8
\BOOKMARK [3][-]{subsubsection.0.3.1}{\376\377\000S\000o\000b\000r\000e\000\040\000o\000\040\000C\000o\000n\000j\000u\000n\000t\000o}{subsection.0.3}% 9
\BOOKMARK [3][-]{subsubsection.0.3.2}{\376\377\000I\000n\000v\000o\000c\000a\000\347\000\343\000o\000\040\000d\000e\000\040\000c\000o\000n\000j\000u\000t\000o\000,\000\040\000p\000o\000r\000\040\000a\000r\000q\000u\000i\000v\000o\000\040\000l\000o\000c\000a\000l}{subsection.0.3}% 10
\BOOKMARK [2][-]{subsection.0.4}{\376\377\000S\000A\000T\000\040\000-\000\040\000P\000r\000o\000f\000e\000s\000s\000o\000r\000e\000s}{}% 11
\BOOKMARK [3][-]{subsubsection.0.4.1}{\376\377\000S\000o\000b\000r\000e\000\040\000o\000\040\000C\000o\000n\000j\000u\000n\000t\000o}{subsection.0.4}% 12
\BOOKMARK [3][-]{subsubsection.0.4.2}{\376\377\000C\000o\000m\000o\000\040\000u\000t\000i\000l\000i\000z\000a\000r\000\040\000p\000e\000l\000o\000\040\000R}{subsection.0.4}% 13
\BOOKMARK [3][-]{subsubsection.0.4.3}{\376\377\000I\000n\000v\000o\000c\000a\000\347\000\343\000o\000\040\000d\000e\000\040\000c\000o\000n\000j\000u\000t\000o\000,\000\040\000p\000o\000r\000\040\000a\000r\000q\000u\000i\000v\000o\000\040\000l\000o\000c\000a\000l}{subsection.0.4}% 14
\BOOKMARK [2][-]{subsection.0.5}{\376\377\000T\000o\000x\000i\000c\000i\000d\000a\000d\000e}{}% 15
\BOOKMARK [3][-]{subsubsection.0.5.1}{\376\377\000S\000o\000b\000r\000e\000\040\000o\000\040\000C\000o\000n\000j\000u\000n\000t\000o}{subsection.0.5}% 16
\BOOKMARK [3][-]{subsubsection.0.5.2}{\376\377\000C\000o\000m\000o\000\040\000u\000t\000i\000l\000i\000z\000a\000r\000\040\000p\000e\000l\000o\000\040\000R}{subsection.0.5}% 17
\BOOKMARK [3][-]{subsubsection.0.5.3}{\376\377\000I\000n\000v\000o\000c\000a\000\347\000\343\000o\000\040\000d\000e\000\040\000c\000o\000n\000j\000u\000t\000o\000,\000\040\000p\000o\000r\000\040\000a\000r\000q\000u\000i\000v\000o\000\040\000l\000o\000c\000a\000l}{subsection.0.5}% 18
\BOOKMARK [2][-]{subsection.0.6}{\376\377\000F\000e\000r\000t\000i\000l\000i\000d\000a\000d\000e\000\040\000F\000e\000m\000i\000n\000i\000n\000a}{}% 19
\BOOKMARK [3][-]{subsubsection.0.6.1}{\376\377\000S\000o\000b\000r\000e\000\040\000o\000\040\000C\000o\000n\000j\000u\000n\000t\000o}{subsection.0.6}% 20
\BOOKMARK [3][-]{subsubsection.0.6.2}{\376\377\000C\000o\000m\000o\000\040\000u\000t\000i\000l\000i\000z\000a\000r\000\040\000p\000e\000l\000o\000\040\000R}{subsection.0.6}% 21
\BOOKMARK [3][-]{subsubsection.0.6.3}{\376\377\000I\000n\000v\000o\000c\000a\000\347\000\343\000o\000\040\000d\000e\000\040\000c\000o\000n\000j\000u\000t\000o\000,\000\040\000p\000o\000r\000\040\000a\000r\000q\000u\000i\000v\000o\000\040\000l\000o\000c\000a\000l}{subsection.0.6}% 22
\BOOKMARK [2][-]{subsection.0.7}{\376\377\000A\000t\000i\000t\000u\000d\000e\000s\000\040\000e\000m\000\040\000r\000e\000l\000a\000\347\000\343\000o\000\040\000\340\000\040\000e\000m\000p\000r\000e\000s\000a}{}% 23
\BOOKMARK [3][-]{subsubsection.0.7.1}{\376\377\000S\000o\000b\000r\000e\000\040\000o\000\040\000C\000o\000n\000j\000u\000n\000t\000o}{subsection.0.7}% 24
\BOOKMARK [3][-]{subsubsection.0.7.2}{\376\377\000C\000o\000m\000o\000\040\000u\000t\000i\000l\000i\000z\000a\000r\000\040\000p\000e\000l\000o\000\040\000R}{subsection.0.7}% 25
\BOOKMARK [3][-]{subsubsection.0.7.3}{\376\377\000I\000n\000v\000o\000c\000a\000\347\000\343\000o\000\040\000d\000e\000\040\000c\000o\000n\000j\000u\000t\000o\000,\000\040\000p\000o\000r\000\040\000a\000r\000q\000u\000i\000v\000o\000\040\000l\000o\000c\000a\000l}{subsection.0.7}% 26
\BOOKMARK [2][-]{subsection.0.8}{\376\377\000H\000i\000p\000\363\000t\000e\000s\000e\000\040\000d\000e\000\040\000c\000i\000c\000l\000o\000s\000-\000d\000e\000-\000e\000c\000o\000n\000o\000m\000i\000a\000\040\000s\000a\000l\000a\000r\000i\000a\000l}{}% 27
\BOOKMARK [3][-]{subsubsection.0.8.1}{\376\377\000S\000o\000b\000r\000e\000\040\000o\000\040\000C\000o\000n\000j\000u\000n\000t\000o}{subsection.0.8}% 28
\BOOKMARK [3][-]{subsubsection.0.8.2}{\376\377\000C\000o\000m\000o\000\040\000u\000t\000i\000l\000i\000z\000a\000r\000\040\000p\000e\000l\000o\000\040\000R}{subsection.0.8}% 29
\BOOKMARK [3][-]{subsubsection.0.8.3}{\376\377\000I\000n\000v\000o\000c\000a\000\347\000\343\000o\000\040\000d\000e\000\040\000c\000o\000n\000j\000u\000t\000o\000,\000\040\000p\000o\000r\000\040\000a\000r\000q\000u\000i\000v\000o\000\040\000l\000o\000c\000a\000l}{subsection.0.8}% 30
\BOOKMARK [2][-]{subsection.0.9}{\376\377\000P\000r\000e\000\347\000o\000\040\000d\000e\000\040\000C\000o\000m\000p\000u\000t\000a\000d\000o\000r\000e\000s\000\040\0001\0009\0009\0003\000-\0001\0009\0009\0005}{}% 31
\BOOKMARK [3][-]{subsubsection.0.9.1}{\376\377\000D\000a\000d\000o\000s\000\040\000s\000o\000b\000r\000e\000\040\000o\000\040\000C\000o\000n\000j\000u\000n\000t\000o}{subsection.0.9}% 32
\BOOKMARK [3][-]{subsubsection.0.9.2}{\376\377\000C\000o\000m\000o\000\040\000u\000t\000i\000l\000i\000z\000a\000r\000\040\000p\000e\000l\000o\000\040\000R}{subsection.0.9}% 33
\BOOKMARK [3][-]{subsubsection.0.9.3}{\376\377\000I\000n\000v\000o\000c\000a\000\347\000\343\000o\000\040\000d\000e\000\040\000c\000o\000n\000j\000u\000t\000o\000,\000\040\000p\000o\000r\000\040\000a\000r\000q\000u\000i\000v\000o\000\040\000l\000o\000c\000a\000l}{subsection.0.9}% 34
\BOOKMARK [2][-]{subsection.0.10}{\376\377\000P\000e\000s\000o\000\040\000a\000o\000\040\000N\000a\000s\000c\000i\000m\000e\000n\000t\000o}{}% 35
\BOOKMARK [3][-]{subsubsection.0.10.1}{\376\377\000D\000a\000d\000o\000s\000\040\000s\000o\000b\000r\000e\000\040\000o\000\040\000C\000o\000n\000j\000u\000n\000t\000o}{subsection.0.10}% 36
\BOOKMARK [3][-]{subsubsection.0.10.2}{\376\377\000I\000n\000v\000o\000c\000a\000\347\000\343\000o\000\040\000d\000e\000\040\000c\000o\000n\000j\000u\000t\000o\000,\000\040\000p\000o\000r\000\040\000a\000r\000q\000u\000i\000v\000o\000\040\000l\000o\000c\000a\000l}{subsection.0.10}% 37
\BOOKMARK [2][-]{subsection.0.11}{\376\377\000C\000r\000i\000m\000e}{}% 38
\BOOKMARK [3][-]{subsubsection.0.11.1}{\376\377\000D\000a\000d\000o\000s\000\040\000s\000o\000b\000r\000e\000\040\000o\000\040\000C\000o\000n\000j\000u\000n\000t\000o}{subsection.0.11}% 39
\BOOKMARK [3][-]{subsubsection.0.11.2}{\376\377\000I\000n\000v\000o\000c\000a\000\347\000\343\000o\000\040\000d\000e\000\040\000c\000o\000n\000j\000u\000t\000o\000,\000\040\000p\000o\000r\000\040\000a\000r\000q\000u\000i\000v\000o\000\040\000l\000o\000c\000a\000l}{subsection.0.11}% 40
\BOOKMARK [2][-]{subsection.0.12}{\376\377\000P\000e\000r\000f\000o\000r\000m\000a\000n\000c\000e\000\040\000d\000e\000\040\000E\000s\000t\000u\000d\000a\000n\000t\000e\000s}{}% 41
\BOOKMARK [3][-]{subsubsection.0.12.1}{\376\377\000D\000a\000d\000o\000s\000\040\000s\000o\000b\000r\000e\000\040\000o\000\040\000C\000o\000n\000j\000u\000n\000t\000o}{subsection.0.12}% 42
\BOOKMARK [3][-]{subsubsection.0.12.2}{\376\377\000I\000n\000v\000o\000c\000a\000\347\000\343\000o\000\040\000d\000e\000\040\000c\000o\000n\000j\000u\000t\000o\000,\000\040\000p\000o\000r\000\040\000a\000r\000q\000u\000i\000v\000o\000\040\000l\000o\000c\000a\000l}{subsection.0.12}% 43
