This is XeTeX, Version 3.141592653-2.6-0.999993 (TeX Live 2021/Arch Linux) (preloaded format=xelatex 2021.10.25)  29 OCT 2021 18:19
entering extended mode
 \write18 enabled.
 file:line:error style messages enabled.
 %&-line parsing enabled.
**nota-conj-lin-log-atualizada.tex
(./nota-conj-lin-log-atualizada.tex
LaTeX2e <2020-10-01> patch level 4
L3 programming layer <2021-02-18>
(/usr/share/texmf-dist/tex/latex/base/article.cls
Document Class: article 2020/04/10 v1.4m Standard LaTeX document class
(/usr/share/texmf-dist/tex/latex/base/size11.clo
File: size11.clo 2020/04/10 v1.4m Standard LaTeX file (size option)
)
\c@part=\count175
\c@section=\count176
\c@subsection=\count177
\c@subsubsection=\count178
\c@paragraph=\count179
\c@subparagraph=\count180
\c@figure=\count181
\c@table=\count182
\abovecaptionskip=\skip47
\belowcaptionskip=\skip48
\bibindent=\dimen138
)
(/usr/share/texmf-dist/tex/latex/graphics/graphicx.sty
Package: graphicx 2020/09/09 v1.2b Enhanced LaTeX Graphics (DPC,SPQR)

(/usr/share/texmf-dist/tex/latex/graphics/keyval.sty
Package: keyval 2014/10/28 v1.15 key=value parser (DPC)
\KV@toks@=\toks15
)
(/usr/share/texmf-dist/tex/latex/graphics/graphics.sty
Package: graphics 2020/08/30 v1.4c Standard LaTeX Graphics (DPC,SPQR)

(/usr/share/texmf-dist/tex/latex/graphics/trig.sty
Package: trig 2016/01/03 v1.10 sin cos tan (DPC)
)
(/usr/share/texmf-dist/tex/latex/graphics-cfg/graphics.cfg
File: graphics.cfg 2016/06/04 v1.11 sample graphics configuration
)
Package graphics Info: Driver file: xetex.def on input line 105.

(/usr/share/texmf-dist/tex/latex/graphics-def/xetex.def
File: xetex.def 2021/03/18 v5.0k Graphics/color driver for xetex
))
\Gin@req@height=\dimen139
\Gin@req@width=\dimen140
)
(/usr/share/texmf-dist/tex/latex/grffile/grffile.sty
Package: grffile 2019/11/11 v2.1 Extended file name support for graphics (legac
y)
Package grffile Info: This package is an empty stub for compatibility on input 
line 40.
)
(/usr/share/texmf-dist/tex/latex/tools/longtable.sty
Package: longtable 2020/01/07 v4.13 Multi-page Table package (DPC)
\LTleft=\skip49
\LTright=\skip50
\LTpre=\skip51
\LTpost=\skip52
\LTchunksize=\count183
\LTcapwidth=\dimen141
\LT@head=\box47
\LT@firsthead=\box48
\LT@foot=\box49
\LT@lastfoot=\box50
\LT@cols=\count184
\LT@rows=\count185
\c@LT@tables=\count186
\c@LT@chunks=\count187
\LT@p@ftn=\toks16
)
(/usr/share/texmf-dist/tex/latex/wrapfig/wrapfig.sty
\wrapoverhang=\dimen142
\WF@size=\dimen143
\c@WF@wrappedlines=\count188
\WF@box=\box51
\WF@everypar=\toks17
Package: wrapfig 2003/01/31  v 3.6
)
(/usr/share/texmf-dist/tex/latex/graphics/rotating.sty
Package: rotating 2016/08/11 v2.16d rotated objects in LaTeX

(/usr/share/texmf-dist/tex/latex/base/ifthen.sty
Package: ifthen 2014/09/29 v1.1c Standard LaTeX ifthen package (DPC)
)
\c@r@tfl@t=\count189
\rotFPtop=\skip53
\rotFPbot=\skip54
\rot@float@box=\box52
\rot@mess@toks=\toks18
)
(/usr/share/texmf-dist/tex/generic/ulem/ulem.sty
\UL@box=\box53
\UL@hyphenbox=\box54
\UL@skip=\skip55
\UL@hook=\toks19
\UL@height=\dimen144
\UL@pe=\count190
\UL@pixel=\dimen145
\ULC@box=\box55
Package: ulem 2019/11/18
\ULdepth=\dimen146
)
(/usr/share/texmf-dist/tex/latex/amsmath/amsmath.sty
Package: amsmath 2020/09/23 v2.17i AMS math features
\@mathmargin=\skip56

For additional information on amsmath, use the `?' option.
(/usr/share/texmf-dist/tex/latex/amsmath/amstext.sty
Package: amstext 2000/06/29 v2.01 AMS text

(/usr/share/texmf-dist/tex/latex/amsmath/amsgen.sty
File: amsgen.sty 1999/11/30 v2.0 generic functions
\@emptytoks=\toks20
\ex@=\dimen147
))
(/usr/share/texmf-dist/tex/latex/amsmath/amsbsy.sty
Package: amsbsy 1999/11/29 v1.2d Bold Symbols
\pmbraise@=\dimen148
)
(/usr/share/texmf-dist/tex/latex/amsmath/amsopn.sty
Package: amsopn 2016/03/08 v2.02 operator names
)
\inf@bad=\count191
LaTeX Info: Redefining \frac on input line 234.
\uproot@=\count192
\leftroot@=\count193
LaTeX Info: Redefining \overline on input line 399.
\classnum@=\count194
\DOTSCASE@=\count195
LaTeX Info: Redefining \ldots on input line 496.
LaTeX Info: Redefining \dots on input line 499.
LaTeX Info: Redefining \cdots on input line 620.
\Mathstrutbox@=\box56
\strutbox@=\box57
\big@size=\dimen149
LaTeX Font Info:    Redeclaring font encoding OML on input line 743.
LaTeX Font Info:    Redeclaring font encoding OMS on input line 744.
\macc@depth=\count196
\c@MaxMatrixCols=\count197
\dotsspace@=\muskip16
\c@parentequation=\count198
\dspbrk@lvl=\count199
\tag@help=\toks21
\row@=\count266
\column@=\count267
\maxfields@=\count268
\andhelp@=\toks22
\eqnshift@=\dimen150
\alignsep@=\dimen151
\tagshift@=\dimen152
\tagwidth@=\dimen153
\totwidth@=\dimen154
\lineht@=\dimen155
\@envbody=\toks23
\multlinegap=\skip57
\multlinetaggap=\skip58
\mathdisplay@stack=\toks24
LaTeX Info: Redefining \[ on input line 2923.
LaTeX Info: Redefining \] on input line 2924.
)
(/usr/share/texmf-dist/tex/latex/base/textcomp.sty
Package: textcomp 2020/02/02 v2.0n Standard LaTeX package
)
(/usr/share/texmf-dist/tex/latex/amsfonts/amssymb.sty
Package: amssymb 2013/01/14 v3.01 AMS font symbols

(/usr/share/texmf-dist/tex/latex/amsfonts/amsfonts.sty
Package: amsfonts 2013/01/14 v3.01 Basic AMSFonts support
\symAMSa=\mathgroup4
\symAMSb=\mathgroup5
LaTeX Font Info:    Redeclaring math symbol \hbar on input line 98.
LaTeX Font Info:    Overwriting math alphabet `\mathfrak' in version `bold'
(Font)                  U/euf/m/n --> U/euf/b/n on input line 106.
))
(/usr/share/texmf-dist/tex/latex/capt-of/capt-of.sty
Package: capt-of 2009/12/29 v0.2 standard captions outside of floats
)
(/usr/share/texmf-dist/tex/latex/hyperref/hyperref.sty
Package: hyperref 2021-02-27 v7.00k Hypertext links for LaTeX

(/usr/share/texmf-dist/tex/generic/ltxcmds/ltxcmds.sty
Package: ltxcmds 2020-05-10 v1.25 LaTeX kernel commands for general use (HO)
)
(/usr/share/texmf-dist/tex/generic/iftex/iftex.sty
Package: iftex 2020/03/06 v1.0d TeX engine tests
)
(/usr/share/texmf-dist/tex/generic/pdftexcmds/pdftexcmds.sty
Package: pdftexcmds 2020-06-27 v0.33 Utility functions of pdfTeX for LuaTeX (HO
)

(/usr/share/texmf-dist/tex/generic/infwarerr/infwarerr.sty
Package: infwarerr 2019/12/03 v1.5 Providing info/warning/error messages (HO)
)
Package pdftexcmds Info: \pdf@primitive is available.
Package pdftexcmds Info: \pdf@ifprimitive is available.
Package pdftexcmds Info: \pdfdraftmode not found.
)
(/usr/share/texmf-dist/tex/generic/kvsetkeys/kvsetkeys.sty
Package: kvsetkeys 2019/12/15 v1.18 Key value parser (HO)
)
(/usr/share/texmf-dist/tex/generic/kvdefinekeys/kvdefinekeys.sty
Package: kvdefinekeys 2019-12-19 v1.6 Define keys (HO)
)
(/usr/share/texmf-dist/tex/generic/pdfescape/pdfescape.sty
Package: pdfescape 2019/12/09 v1.15 Implements pdfTeX's escape features (HO)
)
(/usr/share/texmf-dist/tex/latex/hycolor/hycolor.sty
Package: hycolor 2020-01-27 v1.10 Color options for hyperref/bookmark (HO)
)
(/usr/share/texmf-dist/tex/latex/letltxmacro/letltxmacro.sty
Package: letltxmacro 2019/12/03 v1.6 Let assignment for LaTeX macros (HO)
)
(/usr/share/texmf-dist/tex/latex/auxhook/auxhook.sty
Package: auxhook 2019-12-17 v1.6 Hooks for auxiliary files (HO)
)
(/usr/share/texmf-dist/tex/latex/kvoptions/kvoptions.sty
Package: kvoptions 2020-10-07 v3.14 Key value format for package options (HO)
)
\@linkdim=\dimen156
\Hy@linkcounter=\count269
\Hy@pagecounter=\count270

(/usr/share/texmf-dist/tex/latex/hyperref/pd1enc.def
File: pd1enc.def 2021-02-27 v7.00k Hyperref: PDFDocEncoding definition (HO)
)
(/usr/share/texmf-dist/tex/latex/hyperref/hyperref-langpatches.def
File: hyperref-langpatches.def 2021-02-27 v7.00k Hyperref: patches for babel la
nguages
)
(/usr/share/texmf-dist/tex/generic/intcalc/intcalc.sty
Package: intcalc 2019/12/15 v1.3 Expandable calculations with integers (HO)
)
(/usr/share/texmf-dist/tex/generic/etexcmds/etexcmds.sty
Package: etexcmds 2019/12/15 v1.7 Avoid name clashes with e-TeX commands (HO)
)
\Hy@SavedSpaceFactor=\count271

(/usr/share/texmf-dist/tex/latex/hyperref/puenc.def
File: puenc.def 2021-02-27 v7.00k Hyperref: PDF Unicode definition (HO)
)
Package hyperref Info: Hyper figures OFF on input line 4192.
Package hyperref Info: Link nesting OFF on input line 4197.
Package hyperref Info: Hyper index ON on input line 4200.
Package hyperref Info: Plain pages OFF on input line 4207.
Package hyperref Info: Backreferencing OFF on input line 4212.
Package hyperref Info: Implicit mode ON; LaTeX internals redefined.
Package hyperref Info: Bookmarks ON on input line 4445.
\c@Hy@tempcnt=\count272

(/usr/share/texmf-dist/tex/latex/url/url.sty
\Urlmuskip=\muskip17
Package: url 2013/09/16  ver 3.4  Verb mode for urls, etc.
)
LaTeX Info: Redefining \url on input line 4804.
\XeTeXLinkMargin=\dimen157

(/usr/share/texmf-dist/tex/generic/bitset/bitset.sty
Package: bitset 2019/12/09 v1.3 Handle bit-vector datatype (HO)

(/usr/share/texmf-dist/tex/generic/bigintcalc/bigintcalc.sty
Package: bigintcalc 2019/12/15 v1.5 Expandable calculations on big integers (HO
)
))
\Fld@menulength=\count273
\Field@Width=\dimen158
\Fld@charsize=\dimen159
Package hyperref Info: Hyper figures OFF on input line 6075.
Package hyperref Info: Link nesting OFF on input line 6080.
Package hyperref Info: Hyper index ON on input line 6083.
Package hyperref Info: backreferencing OFF on input line 6090.
Package hyperref Info: Link coloring OFF on input line 6095.
Package hyperref Info: Link coloring with OCG OFF on input line 6100.
Package hyperref Info: PDF/A mode OFF on input line 6105.
LaTeX Info: Redefining \ref on input line 6145.
LaTeX Info: Redefining \pageref on input line 6149.

(/usr/share/texmf-dist/tex/latex/base/atbegshi-ltx.sty
Package: atbegshi-ltx 2020/08/17 v1.0a Emulation of the original atbegshi packa
ge
with kernel methods
)
\Hy@abspage=\count274
\c@Item=\count275
\c@Hfootnote=\count276
)
Package hyperref Info: Driver (autodetected): hxetex.

(/usr/share/texmf-dist/tex/latex/hyperref/hxetex.def
File: hxetex.def 2021-02-27 v7.00k Hyperref driver for XeTeX

(/usr/share/texmf-dist/tex/generic/stringenc/stringenc.sty
Package: stringenc 2019/11/29 v1.12 Convert strings between diff. encodings (HO
)
)
\pdfm@box=\box58
\c@Hy@AnnotLevel=\count277
\HyField@AnnotCount=\count278
\Fld@listcount=\count279
\c@bookmark@seq@number=\count280

(/usr/share/texmf-dist/tex/latex/rerunfilecheck/rerunfilecheck.sty
Package: rerunfilecheck 2019/12/05 v1.9 Rerun checks for auxiliary files (HO)

(/usr/share/texmf-dist/tex/latex/base/atveryend-ltx.sty
Package: atveryend-ltx 2020/08/19 v1.0a Emulation of the original atvery packag
e
with kernel methods
)
(/usr/share/texmf-dist/tex/generic/uniquecounter/uniquecounter.sty
Package: uniquecounter 2019/12/15 v1.4 Provide unlimited unique counter (HO)
)
Package uniquecounter Info: New unique counter `rerunfilecheck' on input line 2
86.
)
\Hy@SectionHShift=\skip59
)
Package hyperref Info: Option `colorlinks' set `true' on input line 15.
Package hyperref Info: Option `colorlinks' set `true' on input line 15.

(/usr/share/texmf-dist/tex/latex/xcolor/xcolor.sty
Package: xcolor 2016/05/11 v2.12 LaTeX color extensions (UK)

(/usr/share/texmf-dist/tex/latex/graphics-cfg/color.cfg
File: color.cfg 2016/01/02 v1.6 sample color configuration
)
Package xcolor Info: Driver file: xetex.def on input line 225.
Package xcolor Info: Model `cmy' substituted by `cmy0' on input line 1348.
Package xcolor Info: Model `RGB' extended on input line 1364.
Package xcolor Info: Model `HTML' substituted by `rgb' on input line 1366.
Package xcolor Info: Model `Hsb' substituted by `hsb' on input line 1367.
Package xcolor Info: Model `tHsb' substituted by `hsb' on input line 1368.
Package xcolor Info: Model `HSB' substituted by `hsb' on input line 1369.
Package xcolor Info: Model `Gray' substituted by `gray' on input line 1370.
Package xcolor Info: Model `wave' substituted by `hsb' on input line 1371.
)
(/usr/share/texmf-dist/tex/latex/minted/minted.sty
Package: minted 2017/07/19 v2.5 Yet another Pygments shim for LaTeX

(/usr/share/texmf-dist/tex/latex/fvextra/fvextra.sty
Package: fvextra 2019/02/04 v1.4 fvextra - extensions and patches for fancyvrb

(/usr/share/texmf-dist/tex/latex/etoolbox/etoolbox.sty
Package: etoolbox 2020/10/05 v2.5k e-TeX tools for LaTeX (JAW)
\etb@tempcnta=\count281
)
(/usr/share/texmf-dist/tex/latex/fancyvrb/fancyvrb.sty
Package: fancyvrb 2021/01/20 v3.7 verbatim text (tvz,hv)
\FV@CodeLineNo=\count282
\FV@InFile=\read2
\FV@TabBox=\box59
\c@FancyVerbLine=\count283
\FV@StepNumber=\count284
\FV@OutFile=\write3
)
(/usr/share/texmf-dist/tex/latex/upquote/upquote.sty
Package: upquote 2012/04/19 v1.3 upright-quote and grave-accent glyphs in verba
tim
)
(/usr/share/texmf-dist/tex/latex/lineno/lineno.sty
Package: lineno 2005/11/02 line numbers on paragraphs v4.41
Invalid UTF-8 byte or sequence at line 296 replaced by U+FFFD.
\linenopenalty=\count285
\output=\toks25
\linenoprevgraf=\count286
\linenumbersep=\dimen160
\linenumberwidth=\dimen161
\c@linenumber=\count287
\c@pagewiselinenumber=\count288
\c@LN@truepage=\count289
\c@internallinenumber=\count290
\c@internallinenumbers=\count291
\quotelinenumbersep=\dimen162
\bframerule=\dimen163
\bframesep=\dimen164
\bframebox=\box60
LaTeX Info: Redefining \\ on input line 3056.
)
\c@FV@TrueTabGroupLevel=\count292
\c@FV@TrueTabCounter=\count293
\FV@TabBox@Group=\box61
\FV@TmpLength=\skip60
\c@FV@HighlightLinesStart=\count294
\c@FV@HighlightLinesStop=\count295
\FV@LoopCount=\count296
\FV@NCharsBox=\box62
\FV@BreakIndent=\dimen165
\FV@BreakIndentNChars=\count297
\FV@BreakSymbolSepLeft=\dimen166
\FV@BreakSymbolSepLeftNChars=\count298
\FV@BreakSymbolSepRight=\dimen167
\FV@BreakSymbolSepRightNChars=\count299
\FV@BreakSymbolIndentLeft=\dimen168
\FV@BreakSymbolIndentLeftNChars=\count300
\FV@BreakSymbolIndentRight=\dimen169
\FV@BreakSymbolIndentRightNChars=\count301
\c@FancyVerbLineBreakLast=\count302
\FV@LineBox=\box63
\FV@LineIndentBox=\box64
\FV@LineWidth=\dimen170
)
(/usr/share/texmf-dist/tex/latex/tools/calc.sty
Package: calc 2017/05/25 v4.3 Infix arithmetic (KKT,FJ)
\calc@Acount=\count303
\calc@Bcount=\count304
\calc@Adimen=\dimen171
\calc@Bdimen=\dimen172
\calc@Askip=\skip61
\calc@Bskip=\skip62
LaTeX Info: Redefining \setlength on input line 80.
LaTeX Info: Redefining \addtolength on input line 81.
\calc@Ccount=\count305
\calc@Cskip=\skip63
)
(/usr/share/texmf-dist/tex/latex/tools/shellesc.sty
Package: shellesc 2019/11/08 v1.0c unified shell escape interface for LaTeX
Package shellesc Info: Unrestricted shell escape enabled on input line 75.
)
(/usr/share/texmf-dist/tex/latex/ifplatform/ifplatform.sty
Package: ifplatform 2017/10/13 v0.4a Testing for the operating system

(/usr/share/texmf-dist/tex/generic/catchfile/catchfile.sty
Package: catchfile 2019/12/09 v1.8 Catch the contents of a file (HO)
)
(/usr/share/texmf-dist/tex/generic/iftex/ifluatex.sty
Package: ifluatex 2019/10/25 v1.5 ifluatex legacy package. Use iftex instead.
)
runsystem(uname -s > "nota-conj-lin-log-atualizada.w18")...executed.


(./nota-conj-lin-log-atualizada.w18)
runsystem(rm -- "nota-conj-lin-log-atualizada.w18")...executed.

)
(/usr/share/texmf-dist/tex/generic/xstring/xstring.sty
(/usr/share/texmf-dist/tex/generic/xstring/xstring.tex
\integerpart=\count306
Invalid UTF-8 byte or sequence at line 35 replaced by U+FFFD.
\decimalpart=\count307
Invalid UTF-8 byte or sequence at line 79 replaced by U+FFFD.
Invalid UTF-8 byte or sequence at line 79 replaced by U+FFFD.
Invalid UTF-8 byte or sequence at line 83 replaced by U+FFFD.
Invalid UTF-8 byte or sequence at line 86 replaced by U+FFFD.
Invalid UTF-8 byte or sequence at line 102 replaced by U+FFFD.
Invalid UTF-8 byte or sequence at line 114 replaced by U+FFFD.
Invalid UTF-8 byte or sequence at line 120 replaced by U+FFFD.
Invalid UTF-8 byte or sequence at line 125 replaced by U+FFFD.
Invalid UTF-8 byte or sequence at line 147 replaced by U+FFFD.
Invalid UTF-8 byte or sequence at line 147 replaced by U+FFFD.
Invalid UTF-8 byte or sequence at line 147 replaced by U+FFFD.
Invalid UTF-8 byte or sequence at line 182 replaced by U+FFFD.
Invalid UTF-8 byte or sequence at line 182 replaced by U+FFFD.
Invalid UTF-8 byte or sequence at line 182 replaced by U+FFFD.
Invalid UTF-8 byte or sequence at line 183 replaced by U+FFFD.
Invalid UTF-8 byte or sequence at line 184 replaced by U+FFFD.
Invalid UTF-8 byte or sequence at line 185 replaced by U+FFFD.
Invalid UTF-8 byte or sequence at line 185 replaced by U+FFFD.
Invalid UTF-8 byte or sequence at line 185 replaced by U+FFFD.
Invalid UTF-8 byte or sequence at line 189 replaced by U+FFFD.
Invalid UTF-8 byte or sequence at line 189 replaced by U+FFFD.
Invalid UTF-8 byte or sequence at line 190 replaced by U+FFFD.
Invalid UTF-8 byte or sequence at line 190 replaced by U+FFFD.
Invalid UTF-8 byte or sequence at line 193 replaced by U+FFFD.
Invalid UTF-8 byte or sequence at line 208 replaced by U+FFFD.
Invalid UTF-8 byte or sequence at line 208 replaced by U+FFFD.
Invalid UTF-8 byte or sequence at line 208 replaced by U+FFFD.
Invalid UTF-8 byte or sequence at line 208 replaced by U+FFFD.
Invalid UTF-8 byte or sequence at line 208 replaced by U+FFFD.
Invalid UTF-8 byte or sequence at line 208 replaced by U+FFFD.
Invalid UTF-8 byte or sequence at line 221 replaced by U+FFFD.
Invalid UTF-8 byte or sequence at line 221 replaced by U+FFFD.
Invalid UTF-8 byte or sequence at line 241 replaced by U+FFFD.
Invalid UTF-8 byte or sequence at line 241 replaced by U+FFFD.
Invalid UTF-8 byte or sequence at line 241 replaced by U+FFFD.
Invalid UTF-8 byte or sequence at line 241 replaced by U+FFFD.
Invalid UTF-8 byte or sequence at line 266 replaced by U+FFFD.
Invalid UTF-8 byte or sequence at line 284 replaced by U+FFFD.
Invalid UTF-8 byte or sequence at line 295 replaced by U+FFFD.
Invalid UTF-8 byte or sequence at line 300 replaced by U+FFFD.
Invalid UTF-8 byte or sequence at line 300 replaced by U+FFFD.
Invalid UTF-8 byte or sequence at line 301 replaced by U+FFFD.
Invalid UTF-8 byte or sequence at line 301 replaced by U+FFFD.
Invalid UTF-8 byte or sequence at line 301 replaced by U+FFFD.
Invalid UTF-8 byte or sequence at line 302 replaced by U+FFFD.
Invalid UTF-8 byte or sequence at line 303 replaced by U+FFFD.
Invalid UTF-8 byte or sequence at line 332 replaced by U+FFFD.
Invalid UTF-8 byte or sequence at line 332 replaced by U+FFFD.
Invalid UTF-8 byte or sequence at line 332 replaced by U+FFFD.
Invalid UTF-8 byte or sequence at line 332 replaced by U+FFFD.
Invalid UTF-8 byte or sequence at line 333 replaced by U+FFFD.
Invalid UTF-8 byte or sequence at line 334 replaced by U+FFFD.
Invalid UTF-8 byte or sequence at line 334 replaced by U+FFFD.
Invalid UTF-8 byte or sequence at line 334 replaced by U+FFFD.
Invalid UTF-8 byte or sequence at line 406 replaced by U+FFFD.
Invalid UTF-8 byte or sequence at line 406 replaced by U+FFFD.
Invalid UTF-8 byte or sequence at line 409 replaced by U+FFFD.
Invalid UTF-8 byte or sequence at line 410 replaced by U+FFFD.
Invalid UTF-8 byte or sequence at line 428 replaced by U+FFFD.
Invalid UTF-8 byte or sequence at line 434 replaced by U+FFFD.
Invalid UTF-8 byte or sequence at line 457 replaced by U+FFFD.
Invalid UTF-8 byte or sequence at line 457 replaced by U+FFFD.
Invalid UTF-8 byte or sequence at line 464 replaced by U+FFFD.
Invalid UTF-8 byte or sequence at line 464 replaced by U+FFFD.
Invalid UTF-8 byte or sequence at line 466 replaced by U+FFFD.
Invalid UTF-8 byte or sequence at line 466 replaced by U+FFFD.
Invalid UTF-8 byte or sequence at line 541 replaced by U+FFFD.
Invalid UTF-8 byte or sequence at line 541 replaced by U+FFFD.
Invalid UTF-8 byte or sequence at line 541 replaced by U+FFFD.
Invalid UTF-8 byte or sequence at line 586 replaced by U+FFFD.
Invalid UTF-8 byte or sequence at line 586 replaced by U+FFFD.
Invalid UTF-8 byte or sequence at line 588 replaced by U+FFFD.
Invalid UTF-8 byte or sequence at line 588 replaced by U+FFFD.
Invalid UTF-8 byte or sequence at line 595 replaced by U+FFFD.
Invalid UTF-8 byte or sequence at line 597 replaced by U+FFFD.
Invalid UTF-8 byte or sequence at line 599 replaced by U+FFFD.
Invalid UTF-8 byte or sequence at line 602 replaced by U+FFFD.
Invalid UTF-8 byte or sequence at line 605 replaced by U+FFFD.
Invalid UTF-8 byte or sequence at line 605 replaced by U+FFFD.
Invalid UTF-8 byte or sequence at line 610 replaced by U+FFFD.
Invalid UTF-8 byte or sequence at line 615 replaced by U+FFFD.
Invalid UTF-8 byte or sequence at line 632 replaced by U+FFFD.
Invalid UTF-8 byte or sequence at line 632 replaced by U+FFFD.
Invalid UTF-8 byte or sequence at line 633 replaced by U+FFFD.
Invalid UTF-8 byte or sequence at line 635 replaced by U+FFFD.
Invalid UTF-8 byte or sequence at line 637 replaced by U+FFFD.
Invalid UTF-8 byte or sequence at line 647 replaced by U+FFFD.
Invalid UTF-8 byte or sequence at line 653 replaced by U+FFFD.
Invalid UTF-8 byte or sequence at line 678 replaced by U+FFFD.
Invalid UTF-8 byte or sequence at line 700 replaced by U+FFFD.
Invalid UTF-8 byte or sequence at line 705 replaced by U+FFFD.
Invalid UTF-8 byte or sequence at line 715 replaced by U+FFFD.
Invalid UTF-8 byte or sequence at line 715 replaced by U+FFFD.
Invalid UTF-8 byte or sequence at line 715 replaced by U+FFFD.
Invalid UTF-8 byte or sequence at line 719 replaced by U+FFFD.
Invalid UTF-8 byte or sequence at line 732 replaced by U+FFFD.
Invalid UTF-8 byte or sequence at line 732 replaced by U+FFFD.
Invalid UTF-8 byte or sequence at line 741 replaced by U+FFFD.
Invalid UTF-8 byte or sequence at line 741 replaced by U+FFFD.
Invalid UTF-8 byte or sequence at line 742 replaced by U+FFFD.
Invalid UTF-8 byte or sequence at line 742 replaced by U+FFFD.
Invalid UTF-8 byte or sequence at line 762 replaced by U+FFFD.
Invalid UTF-8 byte or sequence at line 773 replaced by U+FFFD.
Invalid UTF-8 byte or sequence at line 773 replaced by U+FFFD.
Invalid UTF-8 byte or sequence at line 774 replaced by U+FFFD.
Invalid UTF-8 byte or sequence at line 774 replaced by U+FFFD.
Invalid UTF-8 byte or sequence at line 774 replaced by U+FFFD.
Invalid UTF-8 byte or sequence at line 797 replaced by U+FFFD.
Invalid UTF-8 byte or sequence at line 797 replaced by U+FFFD.
Invalid UTF-8 byte or sequence at line 810 replaced by U+FFFD.
Invalid UTF-8 byte or sequence at line 824 replaced by U+FFFD.
Invalid UTF-8 byte or sequence at line 824 replaced by U+FFFD.
Invalid UTF-8 byte or sequence at line 831 replaced by U+FFFD.
Invalid UTF-8 byte or sequence at line 838 replaced by U+FFFD.
Invalid UTF-8 byte or sequence at line 838 replaced by U+FFFD.
Invalid UTF-8 byte or sequence at line 846 replaced by U+FFFD.
Invalid UTF-8 byte or sequence at line 846 replaced by U+FFFD.
Invalid UTF-8 byte or sequence at line 861 replaced by U+FFFD.
Invalid UTF-8 byte or sequence at line 862 replaced by U+FFFD.
Invalid UTF-8 byte or sequence at line 864 replaced by U+FFFD.
Invalid UTF-8 byte or sequence at line 864 replaced by U+FFFD.
Invalid UTF-8 byte or sequence at line 908 replaced by U+FFFD.
Invalid UTF-8 byte or sequence at line 909 replaced by U+FFFD.
Invalid UTF-8 byte or sequence at line 909 replaced by U+FFFD.
Invalid UTF-8 byte or sequence at line 934 replaced by U+FFFD.
Invalid UTF-8 byte or sequence at line 934 replaced by U+FFFD.
Invalid UTF-8 byte or sequence at line 936 replaced by U+FFFD.
Invalid UTF-8 byte or sequence at line 936 replaced by U+FFFD.
Invalid UTF-8 byte or sequence at line 940 replaced by U+FFFD.
Invalid UTF-8 byte or sequence at line 940 replaced by U+FFFD.
Invalid UTF-8 byte or sequence at line 962 replaced by U+FFFD.
Invalid UTF-8 byte or sequence at line 962 replaced by U+FFFD.
Invalid UTF-8 byte or sequence at line 964 replaced by U+FFFD.
Invalid UTF-8 byte or sequence at line 965 replaced by U+FFFD.
Invalid UTF-8 byte or sequence at line 1006 replaced by U+FFFD.
)
Package: xstring 2019/02/06 v1.83 String manipulations (CT)
)
(/usr/share/texmf-dist/tex/latex/framed/framed.sty
Package: framed 2011/10/22 v 0.96: framed or shaded text with page breaks
\OuterFrameSep=\skip64
\fb@frw=\dimen173
\fb@frh=\dimen174
\FrameRule=\dimen175
\FrameSep=\dimen176
)
(/usr/share/texmf-dist/tex/latex/float/float.sty
Package: float 2001/11/08 v1.3d Float enhancements (AL)
\c@float@type=\count308
\float@exts=\toks26
\float@box=\box65
\@float@everytoks=\toks27
\@floatcapt=\box66
)
\minted@appexistsfile=\read3
\minted@bgbox=\box67
\minted@code=\write4
\c@minted@FancyVerbLineTemp=\count309
\c@minted@pygmentizecounter=\count310
\@float@every@listing=\toks28
\c@listing=\count311
)
runsystem(mkdir -p _minted-nota-conj-lin-log-atualizada)...executed.

runsystem(which pygmentize && touch nota-conj-lin-log-atualizada.aex)...execute
d.

runsystem(rm nota-conj-lin-log-atualizada.aex)...executed.


(/usr/share/texmf-dist/tex/latex/l3backend/l3backend-xetex.def
File: l3backend-xetex.def 2021-03-18 L3 backend support: XeTeX

(|extractbb --version)
\c__kernel_sys_dvipdfmx_version_int=\count312
\l__color_backend_stack_int=\count313
\g__color_backend_stack_int=\count314
\g__graphics_track_int=\count315
\l__pdf_internal_box=\box68
\g__pdf_backend_object_int=\count316
\g__pdf_backend_annotation_int=\count317
\g__pdf_backend_link_int=\count318
) (./nota-conj-lin-log-atualizada.aux)
\openout1 = `nota-conj-lin-log-atualizada.aux'.

LaTeX Font Info:    Checking defaults for OML/cmm/m/it on input line 23.
LaTeX Font Info:    ... okay on input line 23.
LaTeX Font Info:    Checking defaults for OMS/cmsy/m/n on input line 23.
LaTeX Font Info:    ... okay on input line 23.
LaTeX Font Info:    Checking defaults for OT1/cmr/m/n on input line 23.
LaTeX Font Info:    ... okay on input line 23.
LaTeX Font Info:    Checking defaults for T1/cmr/m/n on input line 23.
LaTeX Font Info:    ... okay on input line 23.
LaTeX Font Info:    Checking defaults for TS1/cmr/m/n on input line 23.
LaTeX Font Info:    Trying to load font information for TS1+cmr on input line 2
3.

(/usr/share/texmf-dist/tex/latex/base/ts1cmr.fd
File: ts1cmr.fd 2019/12/16 v2.5j Standard LaTeX font definitions
)
LaTeX Font Info:    ... okay on input line 23.
LaTeX Font Info:    Checking defaults for TU/lmr/m/n on input line 23.
LaTeX Font Info:    ... okay on input line 23.
LaTeX Font Info:    Checking defaults for OMX/cmex/m/n on input line 23.
LaTeX Font Info:    ... okay on input line 23.
LaTeX Font Info:    Checking defaults for U/cmr/m/n on input line 23.
LaTeX Font Info:    ... okay on input line 23.
LaTeX Font Info:    Checking defaults for PD1/pdf/m/n on input line 23.
LaTeX Font Info:    ... okay on input line 23.
LaTeX Font Info:    Checking defaults for PU/pdf/m/n on input line 23.
LaTeX Font Info:    ... okay on input line 23.
Package hyperref Info: Link coloring ON on input line 23.

(/usr/share/texmf-dist/tex/latex/hyperref/nameref.sty
Package: nameref 2021-04-02 v2.47 Cross-referencing by name of section

(/usr/share/texmf-dist/tex/latex/refcount/refcount.sty
Package: refcount 2019/12/15 v3.6 Data extraction from label references (HO)
)
(/usr/share/texmf-dist/tex/generic/gettitlestring/gettitlestring.sty
Package: gettitlestring 2019/12/15 v1.6 Cleanup title references (HO)
)
\c@section@level=\count319
)
LaTeX Info: Redefining \ref on input line 23.
LaTeX Info: Redefining \pageref on input line 23.
LaTeX Info: Redefining \nameref on input line 23.

(./nota-conj-lin-log-atualizada.out) (./nota-conj-lin-log-atualizada.out)
\@outlinefile=\write5
\openout5 = `nota-conj-lin-log-atualizada.out'.


(./nota-conj-lin-log-atualizada.toc
LaTeX Font Info:    Trying to load font information for U+msa on input line 3.

(/usr/share/texmf-dist/tex/latex/amsfonts/umsa.fd
File: umsa.fd 2013/01/14 v3.01 AMS symbols A
)
LaTeX Font Info:    Trying to load font information for U+msb on input line 3.

(/usr/share/texmf-dist/tex/latex/amsfonts/umsb.fd
File: umsb.fd 2013/01/14 v3.01 AMS symbols B
) [1

])
\tf@toc=\write6
\openout6 = `nota-conj-lin-log-atualizada.toc'.

 [2]
File: /home/buddhilw/PP/MonitoriaEstatistica/img/exemplo1.png Graphic file (typ
e bmp)
</home/buddhilw/PP/MonitoriaEstatistica/img/exemplo1.png>
File: /home/buddhilw/PP/MonitoriaEstatistica/img/exemplo2.png Graphic file (typ
e bmp)
</home/buddhilw/PP/MonitoriaEstatistica/img/exemplo2.png>
 [3

] [4]
LaTeX Font Info:    Font shape `TU/lmtt/bx/n' in size <10.95> not available
(Font)              Font shape `TU/lmtt/b/n' tried instead on input line 65.
 [5

]
\openout3 = `nota-conj-lin-log-atualizada.pyg'.


(./_minted-nota-conj-lin-log-atualizada/default-pyg-prefix.pygstyle)
(./_minted-nota-conj-lin-log-atualizada/monokai.pygstyle)
(./_minted-nota-conj-lin-log-atualizada/3D35545D8C8E99CB2B596E466C56B6C47DE7C38
430C2C01D62B7A7E1185CDF52.pygtex) [6]
./nota-conj-lin-log-atualizada.tex:135: Missing $ inserted.
<inserted text> 
                $
l.135 ...ados: \textbf{Life_Expectancy_Data.csv}.}
                                                  
I've inserted a begin-math/end-math symbol since I think
you left one out. Proceed, with fingers crossed.

./nota-conj-lin-log-atualizada.tex:135: Extra }, or forgotten $.
<recently read> \egroup 
                        
l.135 ...ados: \textbf{Life_Expectancy_Data.csv}.}
                                                  
I've deleted a group-closing symbol because it seems to be
spurious, as in `$x}$'. But perhaps the } is legitimate and
you forgot something else, as in `\hbox{$x}'. In such cases
the way to recover is to insert both the forgotten and the
deleted material, e.g., by typing `I$}'.

./nota-conj-lin-log-atualizada.tex:135: Extra }, or forgotten $.
<recently read> \egroup 
                        
l.135 ...ados: \textbf{Life_Expectancy_Data.csv}.}
                                                  
I've deleted a group-closing symbol because it seems to be
spurious, as in `$x}$'. But perhaps the } is legitimate and
you forgot something else, as in `\hbox{$x}'. In such cases
the way to recover is to insert both the forgotten and the
deleted material, e.g., by typing `I$}'.


./nota-conj-lin-log-atualizada.tex:136: LaTeX Error: Command \item invalid in m
ath mode.

See the LaTeX manual or LaTeX Companion for explanation.
Type  H <return>  for immediate help.
 ...                                              
                                                  
l.136 \item
            \textbf{Variável resposta: \texttt{Life.expectancy}.}
Try typing  <return>  to proceed.
If that doesn't work, type  X <return>  to quit.


./nota-conj-lin-log-atualizada.tex:136: LaTeX Error: Something's wrong--perhaps
 a missing \item.

See the LaTeX manual or LaTeX Companion for explanation.
Type  H <return>  for immediate help.
 ...                                              
                                                  
l.136 \item \textbf
                   {Variável resposta: \texttt{Life.expectancy}.}
Try typing  <return>  to proceed.
If that doesn't work, type  X <return>  to quit.


./nota-conj-lin-log-atualizada.tex:136: LaTeX Error: Something's wrong--perhaps
 a missing \item.

See the LaTeX manual or LaTeX Companion for explanation.
Type  H <return>  for immediate help.
 ...                                              
                                                  
l.136 \item \textbf
                   {Variável resposta: \texttt{Life.expectancy}.}
Try typing  <return>  to proceed.
If that doesn't work, type  X <return>  to quit.


./nota-conj-lin-log-atualizada.tex:137: LaTeX Error: Command \end{itemize} inva
lid in math mode.

See the LaTeX manual or LaTeX Companion for explanation.
Type  H <return>  for immediate help.
 ...                                              
                                                  
l.137 \end{itemize}
                   
Try typing  <return>  to proceed.
If that doesn't work, type  X <return>  to quit.


./nota-conj-lin-log-atualizada.tex:137: LaTeX Error: Something's wrong--perhaps
 a missing \item.

See the LaTeX manual or LaTeX Companion for explanation.
Type  H <return>  for immediate help.
 ...                                              
                                                  
l.137 \end{itemize}
                   
Try typing  <return>  to proceed.
If that doesn't work, type  X <return>  to quit.


./nota-conj-lin-log-atualizada.tex:137: LaTeX Error: Something's wrong--perhaps
 a missing \item.

See the LaTeX manual or LaTeX Companion for explanation.
Type  H <return>  for immediate help.
 ...                                              
                                                  
l.137 \end{itemize}
                   
Try typing  <return>  to proceed.
If that doesn't work, type  X <return>  to quit.

./nota-conj-lin-log-atualizada.tex:137: Missing $ inserted.
<inserted text> 
                $
l.137 \end{itemize}
                   
I've inserted something that you may have forgotten.
(See the <inserted text> above.)
With luck, this will get me unwedged. But if you
really didn't forget anything, try typing `2' now; then
my insertion and my current dilemma will both disappear.

./nota-conj-lin-log-atualizada.tex:137: Missing } inserted.
<inserted text> 
                }
l.137 \end{itemize}
                   
I've inserted something that you may have forgotten.
(See the <inserted text> above.)
With luck, this will get me unwedged. But if you
really didn't forget anything, try typing `2' now; then
my insertion and my current dilemma will both disappear.

./nota-conj-lin-log-atualizada.tex:137: Missing } inserted.
<inserted text> 
                }
l.137 \end{itemize}
                   
I've inserted something that you may have forgotten.
(See the <inserted text> above.)
With luck, this will get me unwedged. But if you
really didn't forget anything, try typing `2' now; then
my insertion and my current dilemma will both disappear.


Overfull \hbox (110.94157pt too wide) in paragraph at lines 135--138
[]\TU/lmr/bx/n/10.95 Nome no conjunto de dados: Life$[]\OML/cmm/m/it/10.95 xpec
tancy[]ata:csv:[]$ 
 []

[7

]
./nota-conj-lin-log-atualizada.tex:175: Missing $ inserted.
<inserted text> 
                $
l.175 ...wPxxSUqv5/view}{Life_Expectancy_Data.csv}
                                                  } da seguinte maneira.
I've inserted a begin-math/end-math symbol since I think
you left one out. Proceed, with fingers crossed.

./nota-conj-lin-log-atualizada.tex:175: Missing $ inserted.
<inserted text> 
                $
l.175 ...wPxxSUqv5/view}{Life_Expectancy_Data.csv}
                                                  } da seguinte maneira.
I've inserted something that you may have forgotten.
(See the <inserted text> above.)
With luck, this will get me unwedged. But if you
really didn't forget anything, try typing `2' now; then
my insertion and my current dilemma will both disappear.

./nota-conj-lin-log-atualizada.tex:175: Too many }'s.
l.175 ...PxxSUqv5/view}{Life_Expectancy_Data.csv}}
                                                   da seguinte maneira.
You've closed more groups than you opened.
Such booboos are generally harmless, so keep going.

\openout3 = `nota-conj-lin-log-atualizada.pyg'.


(./_minted-nota-conj-lin-log-atualizada/2ACB5DF3528CBF67C36B9410273FBB507DE7C38
430C2C01D62B7A7E1185CDF52.pygtex)
Overfull \hbox (42.41241pt too wide) in paragraph at lines 194--194
[]   \TU/lmtt/m/n/10.95 Country             Year Status     Life.expectancy Adu
lt.Mortality[] 
 []

[8]
\openout3 = `nota-conj-lin-log-atualizada.pyg'.


(./_minted-nota-conj-lin-log-atualizada/C9CE060429F3A895CBEB73FFC010B53F7DE7C38
430C2C01D62B7A7E1185CDF52.pygtex)
\openout3 = `nota-conj-lin-log-atualizada.pyg'.


(./_minted-nota-conj-lin-log-atualizada/560527502C2B34EADA92B18ED597F9127DE7C38
430C2C01D62B7A7E1185CDF52.pygtex)
\openout3 = `nota-conj-lin-log-atualizada.pyg'.


(./_minted-nota-conj-lin-log-atualizada/60557EC057B07FA4A1DC4DCAABADA6DF7DE7C38
430C2C01D62B7A7E1185CDF52.pygtex)
\openout3 = `nota-conj-lin-log-atualizada.pyg'.


(./_minted-nota-conj-lin-log-atualizada/03D731A0083D3154E2528724C6525D0A7DE7C38
430C2C01D62B7A7E1185CDF52.pygtex) [9

]
./nota-conj-lin-log-atualizada.tex:245: Missing $ inserted.
<inserted text> 
                $
l.245 ...: \textbf{Birthweight_reduced_kg_R.csv}.}
                                                  
I've inserted a begin-math/end-math symbol since I think
you left one out. Proceed, with fingers crossed.

./nota-conj-lin-log-atualizada.tex:245: Extra }, or forgotten $.
<recently read> \egroup 
                        
l.245 ...: \textbf{Birthweight_reduced_kg_R.csv}.}
                                                  
I've deleted a group-closing symbol because it seems to be
spurious, as in `$x}$'. But perhaps the } is legitimate and
you forgot something else, as in `\hbox{$x}'. In such cases
the way to recover is to insert both the forgotten and the
deleted material, e.g., by typing `I$}'.

./nota-conj-lin-log-atualizada.tex:245: Extra }, or forgotten $.
<recently read> \egroup 
                        
l.245 ...: \textbf{Birthweight_reduced_kg_R.csv}.}
                                                  
I've deleted a group-closing symbol because it seems to be
spurious, as in `$x}$'. But perhaps the } is legitimate and
you forgot something else, as in `\hbox{$x}'. In such cases
the way to recover is to insert both the forgotten and the
deleted material, e.g., by typing `I$}'.


./nota-conj-lin-log-atualizada.tex:246: LaTeX Error: Command \item invalid in m
ath mode.

See the LaTeX manual or LaTeX Companion for explanation.
Type  H <return>  for immediate help.
 ...                                              
                                                  
l.246 \item
            \textbf{Variável resposta: \texttt{Birthweight}}.
Try typing  <return>  to proceed.
If that doesn't work, type  X <return>  to quit.


./nota-conj-lin-log-atualizada.tex:246: LaTeX Error: Something's wrong--perhaps
 a missing \item.

See the LaTeX manual or LaTeX Companion for explanation.
Type  H <return>  for immediate help.
 ...                                              
                                                  
l.246 \item \textbf
                   {Variável resposta: \texttt{Birthweight}}.
Try typing  <return>  to proceed.
If that doesn't work, type  X <return>  to quit.


./nota-conj-lin-log-atualizada.tex:246: LaTeX Error: Something's wrong--perhaps
 a missing \item.

See the LaTeX manual or LaTeX Companion for explanation.
Type  H <return>  for immediate help.
 ...                                              
                                                  
l.246 \item \textbf
                   {Variável resposta: \texttt{Birthweight}}.
Try typing  <return>  to proceed.
If that doesn't work, type  X <return>  to quit.


./nota-conj-lin-log-atualizada.tex:247: LaTeX Error: Command \end{itemize} inva
lid in math mode.

See the LaTeX manual or LaTeX Companion for explanation.
Type  H <return>  for immediate help.
 ...                                              
                                                  
l.247 \end{itemize}
                   
Try typing  <return>  to proceed.
If that doesn't work, type  X <return>  to quit.


./nota-conj-lin-log-atualizada.tex:247: LaTeX Error: Something's wrong--perhaps
 a missing \item.

See the LaTeX manual or LaTeX Companion for explanation.
Type  H <return>  for immediate help.
 ...                                              
                                                  
l.247 \end{itemize}
                   
Try typing  <return>  to proceed.
If that doesn't work, type  X <return>  to quit.


./nota-conj-lin-log-atualizada.tex:247: LaTeX Error: Something's wrong--perhaps
 a missing \item.

See the LaTeX manual or LaTeX Companion for explanation.
Type  H <return>  for immediate help.
 ...                                              
                                                  
l.247 \end{itemize}
                   
Try typing  <return>  to proceed.
If that doesn't work, type  X <return>  to quit.

./nota-conj-lin-log-atualizada.tex:247: Missing $ inserted.
<inserted text> 
                $
l.247 \end{itemize}
                   
I've inserted something that you may have forgotten.
(See the <inserted text> above.)
With luck, this will get me unwedged. But if you
really didn't forget anything, try typing `2' now; then
my insertion and my current dilemma will both disappear.

./nota-conj-lin-log-atualizada.tex:247: Missing } inserted.
<inserted text> 
                }
l.247 \end{itemize}
                   
I've inserted something that you may have forgotten.
(See the <inserted text> above.)
With luck, this will get me unwedged. But if you
really didn't forget anything, try typing `2' now; then
my insertion and my current dilemma will both disappear.

./nota-conj-lin-log-atualizada.tex:247: Missing } inserted.
<inserted text> 
                }
l.247 \end{itemize}
                   
I've inserted something that you may have forgotten.
(See the <inserted text> above.)
With luck, this will get me unwedged. But if you
really didn't forget anything, try typing `2' now; then
my insertion and my current dilemma will both disappear.


Overfull \hbox (107.88618pt too wide) in paragraph at lines 245--248
[]\TU/lmr/bx/n/10.95 Nome no conjunto de dados: Birthweight$[]\OML/cmm/m/it/10.
95 educed[]g[]:csv:[]:$ 
 []

\openout3 = `nota-conj-lin-log-atualizada.pyg'.


(./_minted-nota-conj-lin-log-atualizada/3C56C1DCFFBB7F5C7E6FC007446CA4DA7DE7C38
430C2C01D62B7A7E1185CDF52.pygtex)
Overfull \hbox (94.15115pt too wide) in paragraph at lines 293--293
[]  \TU/lmtt/m/n/10.95 X...ID Length Birthweight Headcirc Gestation smoker mage
 mnocig mheight mppwt[] 
 []


Overfull \hbox (76.9049pt too wide) in paragraph at lines 293--293
[]\TU/lmtt/m/n/10.95 1 1360   56     4.55        34       44        0      20  
 0      162     57[] 
 []


Overfull \hbox (76.9049pt too wide) in paragraph at lines 293--293
[]\TU/lmtt/m/n/10.95 2 1016   53     4.32        36       40        0      19  
 0      171     62[] 
 []


Overfull \hbox (76.9049pt too wide) in paragraph at lines 293--293
[]\TU/lmtt/m/n/10.95 3  462   58     4.10        39       41        0      35  
 0      172     58[] 
 []


Overfull \hbox (76.9049pt too wide) in paragraph at lines 293--293
[]\TU/lmtt/m/n/10.95 4 1187   53     4.07        38       44        0      20  
 0      174     68[] 
 []


Overfull \hbox (76.9049pt too wide) in paragraph at lines 293--293
[]\TU/lmtt/m/n/10.95 5  553   54     3.94        37       42        0      24  
 0      175     66[] 
 []

[10

] [11]
./nota-conj-lin-log-atualizada.tex:300: Missing $ inserted.
<inserted text> 
                $
l.300 ...ados: \textbf{Life_Expectancy_Data.csv}.}
                                                  
I've inserted a begin-math/end-math symbol since I think
you left one out. Proceed, with fingers crossed.

./nota-conj-lin-log-atualizada.tex:300: Extra }, or forgotten $.
<recently read> \egroup 
                        
l.300 ...ados: \textbf{Life_Expectancy_Data.csv}.}
                                                  
I've deleted a group-closing symbol because it seems to be
spurious, as in `$x}$'. But perhaps the } is legitimate and
you forgot something else, as in `\hbox{$x}'. In such cases
the way to recover is to insert both the forgotten and the
deleted material, e.g., by typing `I$}'.

./nota-conj-lin-log-atualizada.tex:300: Extra }, or forgotten $.
<recently read> \egroup 
                        
l.300 ...ados: \textbf{Life_Expectancy_Data.csv}.}
                                                  
I've deleted a group-closing symbol because it seems to be
spurious, as in `$x}$'. But perhaps the } is legitimate and
you forgot something else, as in `\hbox{$x}'. In such cases
the way to recover is to insert both the forgotten and the
deleted material, e.g., by typing `I$}'.


./nota-conj-lin-log-atualizada.tex:301: LaTeX Error: Command \item invalid in m
ath mode.

See the LaTeX manual or LaTeX Companion for explanation.
Type  H <return>  for immediate help.
 ...                                              
                                                  
l.301 \item
            \textbf{Variável resposta: \texttt{Crime_R}}.
Try typing  <return>  to proceed.
If that doesn't work, type  X <return>  to quit.


./nota-conj-lin-log-atualizada.tex:301: LaTeX Error: Something's wrong--perhaps
 a missing \item.

See the LaTeX manual or LaTeX Companion for explanation.
Type  H <return>  for immediate help.
 ...                                              
                                                  
l.301 \item \textbf
                   {Variável resposta: \texttt{Crime_R}}.
Try typing  <return>  to proceed.
If that doesn't work, type  X <return>  to quit.


./nota-conj-lin-log-atualizada.tex:301: LaTeX Error: Something's wrong--perhaps
 a missing \item.

See the LaTeX manual or LaTeX Companion for explanation.
Type  H <return>  for immediate help.
 ...                                              
                                                  
l.301 \item \textbf
                   {Variável resposta: \texttt{Crime_R}}.
Try typing  <return>  to proceed.
If that doesn't work, type  X <return>  to quit.

./nota-conj-lin-log-atualizada.tex:301: Missing $ inserted.
<inserted text> 
                $
l.301 ...xtbf{Variável resposta: \texttt{Crime_R}}
                                                  .
I've inserted a begin-math/end-math symbol since I think
you left one out. Proceed, with fingers crossed.

./nota-conj-lin-log-atualizada.tex:301: Extra }, or forgotten $.
<recently read> \egroup 
                        
l.301 ...xtbf{Variável resposta: \texttt{Crime_R}}
                                                  .
I've deleted a group-closing symbol because it seems to be
spurious, as in `$x}$'. But perhaps the } is legitimate and
you forgot something else, as in `\hbox{$x}'. In such cases
the way to recover is to insert both the forgotten and the
deleted material, e.g., by typing `I$}'.

./nota-conj-lin-log-atualizada.tex:301: Extra }, or forgotten $.
\textdef@ ...th {#1}\let \f@size #2\selectfont #3}
                                                  }
l.301 ...xtbf{Variável resposta: \texttt{Crime_R}}
                                                  .
I've deleted a group-closing symbol because it seems to be
spurious, as in `$x}$'. But perhaps the } is legitimate and
you forgot something else, as in `\hbox{$x}'. In such cases
the way to recover is to insert both the forgotten and the
deleted material, e.g., by typing `I$}'.

./nota-conj-lin-log-atualizada.tex:301: Extra }, or forgotten $.
\textdef@ ...h {#1}\let \f@size #2\selectfont #3}}
                                                  
l.301 ...xtbf{Variável resposta: \texttt{Crime_R}}
                                                  .
I've deleted a group-closing symbol because it seems to be
spurious, as in `$x}$'. But perhaps the } is legitimate and
you forgot something else, as in `\hbox{$x}'. In such cases
the way to recover is to insert both the forgotten and the
deleted material, e.g., by typing `I$}'.

./nota-conj-lin-log-atualizada.tex:301: Extra }, or forgotten $.
\text@ ...e {\textdef@ \displaystyle \f@size {#1}}
                                                  {\textdef@ \textstyle \f@s...
l.301 ...xtbf{Variável resposta: \texttt{Crime_R}}
                                                  .
I've deleted a group-closing symbol because it seems to be
spurious, as in `$x}$'. But perhaps the } is legitimate and
you forgot something else, as in `\hbox{$x}'. In such cases
the way to recover is to insert both the forgotten and the
deleted material, e.g., by typing `I$}'.

./nota-conj-lin-log-atualizada.tex:301: Missing $ inserted.
<inserted text> 
                $
l.301 ...xtbf{Variável resposta: \texttt{Crime_R}}
                                                  .
I've inserted a begin-math/end-math symbol since I think
you left one out. Proceed, with fingers crossed.

./nota-conj-lin-log-atualizada.tex:301: Extra }, or forgotten $.
<recently read> \egroup 
                        
l.301 ...xtbf{Variável resposta: \texttt{Crime_R}}
                                                  .
I've deleted a group-closing symbol because it seems to be
spurious, as in `$x}$'. But perhaps the } is legitimate and
you forgot something else, as in `\hbox{$x}'. In such cases
the way to recover is to insert both the forgotten and the
deleted material, e.g., by typing `I$}'.

./nota-conj-lin-log-atualizada.tex:301: Extra }, or forgotten $.
\textdef@ ...th {#1}\let \f@size #2\selectfont #3}
                                                  }
l.301 ...xtbf{Variável resposta: \texttt{Crime_R}}
                                                  .
I've deleted a group-closing symbol because it seems to be
spurious, as in `$x}$'. But perhaps the } is legitimate and
you forgot something else, as in `\hbox{$x}'. In such cases
the way to recover is to insert both the forgotten and the
deleted material, e.g., by typing `I$}'.

./nota-conj-lin-log-atualizada.tex:301: Extra }, or forgotten $.
\textdef@ ...h {#1}\let \f@size #2\selectfont #3}}
                                                  
l.301 ...xtbf{Variável resposta: \texttt{Crime_R}}
                                                  .
I've deleted a group-closing symbol because it seems to be
spurious, as in `$x}$'. But perhaps the } is legitimate and
you forgot something else, as in `\hbox{$x}'. In such cases
the way to recover is to insert both the forgotten and the
deleted material, e.g., by typing `I$}'.

./nota-conj-lin-log-atualizada.tex:301: Extra }, or forgotten $.
\text@ ...xtstyle \f@size {\firstchoice@false #1}}
                                                  {\textdef@ \textstyle \sf@...
l.301 ...xtbf{Variável resposta: \texttt{Crime_R}}
                                                  .
I've deleted a group-closing symbol because it seems to be
spurious, as in `$x}$'. But perhaps the } is legitimate and
you forgot something else, as in `\hbox{$x}'. In such cases
the way to recover is to insert both the forgotten and the
deleted material, e.g., by typing `I$}'.

./nota-conj-lin-log-atualizada.tex:301: Missing $ inserted.
<inserted text> 
                $
l.301 ...xtbf{Variável resposta: \texttt{Crime_R}}
                                                  .
I've inserted a begin-math/end-math symbol since I think
you left one out. Proceed, with fingers crossed.

./nota-conj-lin-log-atualizada.tex:301: Extra }, or forgotten $.
<recently read> \egroup 
                        
l.301 ...xtbf{Variável resposta: \texttt{Crime_R}}
                                                  .
I've deleted a group-closing symbol because it seems to be
spurious, as in `$x}$'. But perhaps the } is legitimate and
you forgot something else, as in `\hbox{$x}'. In such cases
the way to recover is to insert both the forgotten and the
deleted material, e.g., by typing `I$}'.

./nota-conj-lin-log-atualizada.tex:301: Extra }, or forgotten $.
\textdef@ ...th {#1}\let \f@size #2\selectfont #3}
                                                  }
l.301 ...xtbf{Variável resposta: \texttt{Crime_R}}
                                                  .
I've deleted a group-closing symbol because it seems to be
spurious, as in `$x}$'. But perhaps the } is legitimate and
you forgot something else, as in `\hbox{$x}'. In such cases
the way to recover is to insert both the forgotten and the
deleted material, e.g., by typing `I$}'.

./nota-conj-lin-log-atualizada.tex:301: Extra }, or forgotten $.
\textdef@ ...h {#1}\let \f@size #2\selectfont #3}}
                                                  
l.301 ...xtbf{Variável resposta: \texttt{Crime_R}}
                                                  .
I've deleted a group-closing symbol because it seems to be
spurious, as in `$x}$'. But perhaps the } is legitimate and
you forgot something else, as in `\hbox{$x}'. In such cases
the way to recover is to insert both the forgotten and the
deleted material, e.g., by typing `I$}'.

./nota-conj-lin-log-atualizada.tex:301: Extra }, or forgotten $.
\text@ ...tstyle \sf@size {\firstchoice@false #1}}
                                                  {\textdef@ \textstyle \ssf...
l.301 ...xtbf{Variável resposta: \texttt{Crime_R}}
                                                  .
I've deleted a group-closing symbol because it seems to be
spurious, as in `$x}$'. But perhaps the } is legitimate and
you forgot something else, as in `\hbox{$x}'. In such cases
the way to recover is to insert both the forgotten and the
deleted material, e.g., by typing `I$}'.

./nota-conj-lin-log-atualizada.tex:301: Missing $ inserted.
<inserted text> 
                $
l.301 ...xtbf{Variável resposta: \texttt{Crime_R}}
                                                  .
I've inserted a begin-math/end-math symbol since I think
you left one out. Proceed, with fingers crossed.

./nota-conj-lin-log-atualizada.tex:301: Extra }, or forgotten $.
<recently read> \egroup 
                        
l.301 ...xtbf{Variável resposta: \texttt{Crime_R}}
                                                  .
I've deleted a group-closing symbol because it seems to be
spurious, as in `$x}$'. But perhaps the } is legitimate and
you forgot something else, as in `\hbox{$x}'. In such cases
the way to recover is to insert both the forgotten and the
deleted material, e.g., by typing `I$}'.

./nota-conj-lin-log-atualizada.tex:301: Extra }, or forgotten $.
\textdef@ ...th {#1}\let \f@size #2\selectfont #3}
                                                  }
l.301 ...xtbf{Variável resposta: \texttt{Crime_R}}
                                                  .
I've deleted a group-closing symbol because it seems to be
spurious, as in `$x}$'. But perhaps the } is legitimate and
you forgot something else, as in `\hbox{$x}'. In such cases
the way to recover is to insert both the forgotten and the
deleted material, e.g., by typing `I$}'.

./nota-conj-lin-log-atualizada.tex:301: Extra }, or forgotten $.
\textdef@ ...h {#1}\let \f@size #2\selectfont #3}}
                                                  
l.301 ...xtbf{Variável resposta: \texttt{Crime_R}}
                                                  .
I've deleted a group-closing symbol because it seems to be
spurious, as in `$x}$'. But perhaps the } is legitimate and
you forgot something else, as in `\hbox{$x}'. In such cases
the way to recover is to insert both the forgotten and the
deleted material, e.g., by typing `I$}'.

./nota-conj-lin-log-atualizada.tex:301: Extra }, or forgotten $.
\text@ ...style \ssf@size {\firstchoice@false #1}}
                                                  \check@mathfonts }
l.301 ...xtbf{Variável resposta: \texttt{Crime_R}}
                                                  .
I've deleted a group-closing symbol because it seems to be
spurious, as in `$x}$'. But perhaps the } is legitimate and
you forgot something else, as in `\hbox{$x}'. In such cases
the way to recover is to insert both the forgotten and the
deleted material, e.g., by typing `I$}'.

./nota-conj-lin-log-atualizada.tex:301: Extra }, or forgotten $.
\text@ ...firstchoice@false #1}}\check@mathfonts }
                                                  
l.301 ...xtbf{Variável resposta: \texttt{Crime_R}}
                                                  .
I've deleted a group-closing symbol because it seems to be
spurious, as in `$x}$'. But perhaps the } is legitimate and
you forgot something else, as in `\hbox{$x}'. In such cases
the way to recover is to insert both the forgotten and the
deleted material, e.g., by typing `I$}'.

./nota-conj-lin-log-atualizada.tex:302: Missing $ inserted.
<inserted text> 
                $
l.302 \end{itemize}
                   
I've inserted something that you may have forgotten.
(See the <inserted text> above.)
With luck, this will get me unwedged. But if you
really didn't forget anything, try typing `2' now; then
my insertion and my current dilemma will both disappear.

./nota-conj-lin-log-atualizada.tex:302: Missing } inserted.
<inserted text> 
                }
l.302 \end{itemize}
                   
I've inserted something that you may have forgotten.
(See the <inserted text> above.)
With luck, this will get me unwedged. But if you
really didn't forget anything, try typing `2' now; then
my insertion and my current dilemma will both disappear.

./nota-conj-lin-log-atualizada.tex:302: Missing } inserted.
<inserted text> 
                }
l.302 \end{itemize}
                   
I've inserted something that you may have forgotten.
(See the <inserted text> above.)
With luck, this will get me unwedged. But if you
really didn't forget anything, try typing `2' now; then
my insertion and my current dilemma will both disappear.

./nota-conj-lin-log-atualizada.tex:302: Missing } inserted.
<inserted text> 
                }
l.302 \end{itemize}
                   
I've inserted something that you may have forgotten.
(See the <inserted text> above.)
With luck, this will get me unwedged. But if you
really didn't forget anything, try typing `2' now; then
my insertion and my current dilemma will both disappear.

./nota-conj-lin-log-atualizada.tex:302: Missing } inserted.
<inserted text> 
                }
l.302 \end{itemize}
                   
I've inserted something that you may have forgotten.
(See the <inserted text> above.)
With luck, this will get me unwedged. But if you
really didn't forget anything, try typing `2' now; then
my insertion and my current dilemma will both disappear.

./nota-conj-lin-log-atualizada.tex:302: Missing $ inserted.
<inserted text> 
                $
l.302 \end{itemize}
                   
I've inserted something that you may have forgotten.
(See the <inserted text> above.)
With luck, this will get me unwedged. But if you
really didn't forget anything, try typing `2' now; then
my insertion and my current dilemma will both disappear.

./nota-conj-lin-log-atualizada.tex:302: Missing } inserted.
<inserted text> 
                }
l.302 \end{itemize}
                   
I've inserted something that you may have forgotten.
(See the <inserted text> above.)
With luck, this will get me unwedged. But if you
really didn't forget anything, try typing `2' now; then
my insertion and my current dilemma will both disappear.

./nota-conj-lin-log-atualizada.tex:302: Missing } inserted.
<inserted text> 
                }
l.302 \end{itemize}
                   
I've inserted something that you may have forgotten.
(See the <inserted text> above.)
With luck, this will get me unwedged. But if you
really didn't forget anything, try typing `2' now; then
my insertion and my current dilemma will both disappear.

./nota-conj-lin-log-atualizada.tex:302: Missing } inserted.
<inserted text> 
                }
l.302 \end{itemize}
                   
I've inserted something that you may have forgotten.
(See the <inserted text> above.)
With luck, this will get me unwedged. But if you
really didn't forget anything, try typing `2' now; then
my insertion and my current dilemma will both disappear.

./nota-conj-lin-log-atualizada.tex:302: Missing } inserted.
<inserted text> 
                }
l.302 \end{itemize}
                   
I've inserted something that you may have forgotten.
(See the <inserted text> above.)
With luck, this will get me unwedged. But if you
really didn't forget anything, try typing `2' now; then
my insertion and my current dilemma will both disappear.

./nota-conj-lin-log-atualizada.tex:302: Missing $ inserted.
<inserted text> 
                $
l.302 \end{itemize}
                   
I've inserted something that you may have forgotten.
(See the <inserted text> above.)
With luck, this will get me unwedged. But if you
really didn't forget anything, try typing `2' now; then
my insertion and my current dilemma will both disappear.

./nota-conj-lin-log-atualizada.tex:302: Missing } inserted.
<inserted text> 
                }
l.302 \end{itemize}
                   
I've inserted something that you may have forgotten.
(See the <inserted text> above.)
With luck, this will get me unwedged. But if you
really didn't forget anything, try typing `2' now; then
my insertion and my current dilemma will both disappear.

./nota-conj-lin-log-atualizada.tex:302: Missing } inserted.
<inserted text> 
                }
l.302 \end{itemize}
                   
I've inserted something that you may have forgotten.
(See the <inserted text> above.)
With luck, this will get me unwedged. But if you
really didn't forget anything, try typing `2' now; then
my insertion and my current dilemma will both disappear.

./nota-conj-lin-log-atualizada.tex:302: Missing } inserted.
<inserted text> 
                }
l.302 \end{itemize}
                   
I've inserted something that you may have forgotten.
(See the <inserted text> above.)
With luck, this will get me unwedged. But if you
really didn't forget anything, try typing `2' now; then
my insertion and my current dilemma will both disappear.

./nota-conj-lin-log-atualizada.tex:302: Missing } inserted.
<inserted text> 
                }
l.302 \end{itemize}
                   
I've inserted something that you may have forgotten.
(See the <inserted text> above.)
With luck, this will get me unwedged. But if you
really didn't forget anything, try typing `2' now; then
my insertion and my current dilemma will both disappear.

./nota-conj-lin-log-atualizada.tex:302: Missing $ inserted.
<inserted text> 
                $
l.302 \end{itemize}
                   
I've inserted something that you may have forgotten.
(See the <inserted text> above.)
With luck, this will get me unwedged. But if you
really didn't forget anything, try typing `2' now; then
my insertion and my current dilemma will both disappear.

./nota-conj-lin-log-atualizada.tex:302: Missing } inserted.
<inserted text> 
                }
l.302 \end{itemize}
                   
I've inserted something that you may have forgotten.
(See the <inserted text> above.)
With luck, this will get me unwedged. But if you
really didn't forget anything, try typing `2' now; then
my insertion and my current dilemma will both disappear.

./nota-conj-lin-log-atualizada.tex:302: Missing } inserted.
<inserted text> 
                }
l.302 \end{itemize}
                   
I've inserted something that you may have forgotten.
(See the <inserted text> above.)
With luck, this will get me unwedged. But if you
really didn't forget anything, try typing `2' now; then
my insertion and my current dilemma will both disappear.

./nota-conj-lin-log-atualizada.tex:302: Missing } inserted.
<inserted text> 
                }
l.302 \end{itemize}
                   
I've inserted something that you may have forgotten.
(See the <inserted text> above.)
With luck, this will get me unwedged. But if you
really didn't forget anything, try typing `2' now; then
my insertion and my current dilemma will both disappear.

./nota-conj-lin-log-atualizada.tex:302: Missing } inserted.
<inserted text> 
                }
l.302 \end{itemize}
                   
I've inserted something that you may have forgotten.
(See the <inserted text> above.)
With luck, this will get me unwedged. But if you
really didn't forget anything, try typing `2' now; then
my insertion and my current dilemma will both disappear.

./nota-conj-lin-log-atualizada.tex:302: Missing { inserted.
<to be read again> 
                   \endgroup 
l.302 \end{itemize}
                   
A left brace was mandatory here, so I've put one in.
You might want to delete and/or insert some corrections
so that I will find a matching right brace soon.
(If you're confused by all this, try typing `I}' now.)

./nota-conj-lin-log-atualizada.tex:302: Missing } inserted.
<inserted text> 
                }
l.302 \end{itemize}
                   
I've inserted something that you may have forgotten.
(See the <inserted text> above.)
With luck, this will get me unwedged. But if you
really didn't forget anything, try typing `2' now; then
my insertion and my current dilemma will both disappear.

./nota-conj-lin-log-atualizada.tex:302: Missing { inserted.
<to be read again> 
                   \endgroup 
l.302 \end{itemize}
                   
A left brace was mandatory here, so I've put one in.
You might want to delete and/or insert some corrections
so that I will find a matching right brace soon.
(If you're confused by all this, try typing `I}' now.)

./nota-conj-lin-log-atualizada.tex:302: Missing } inserted.
<inserted text> 
                }
l.302 \end{itemize}
                   
I've inserted something that you may have forgotten.
(See the <inserted text> above.)
With luck, this will get me unwedged. But if you
really didn't forget anything, try typing `2' now; then
my insertion and my current dilemma will both disappear.

./nota-conj-lin-log-atualizada.tex:302: Missing { inserted.
<to be read again> 
                   \endgroup 
l.302 \end{itemize}
                   
A left brace was mandatory here, so I've put one in.
You might want to delete and/or insert some corrections
so that I will find a matching right brace soon.
(If you're confused by all this, try typing `I}' now.)

./nota-conj-lin-log-atualizada.tex:302: Missing } inserted.
<inserted text> 
                }
l.302 \end{itemize}
                   
I've inserted something that you may have forgotten.
(See the <inserted text> above.)
With luck, this will get me unwedged. But if you
really didn't forget anything, try typing `2' now; then
my insertion and my current dilemma will both disappear.

./nota-conj-lin-log-atualizada.tex:302: Missing } inserted.
<inserted text> 
                }
l.302 \end{itemize}
                   
I've inserted something that you may have forgotten.
(See the <inserted text> above.)
With luck, this will get me unwedged. But if you
really didn't forget anything, try typing `2' now; then
my insertion and my current dilemma will both disappear.

./nota-conj-lin-log-atualizada.tex:302: Missing $ inserted.
<inserted text> 
                $
l.302 \end{itemize}
                   
I've inserted something that you may have forgotten.
(See the <inserted text> above.)
With luck, this will get me unwedged. But if you
really didn't forget anything, try typing `2' now; then
my insertion and my current dilemma will both disappear.

./nota-conj-lin-log-atualizada.tex:302: Missing } inserted.
<inserted text> 
                }
l.302 \end{itemize}
                   
I've inserted something that you may have forgotten.
(See the <inserted text> above.)
With luck, this will get me unwedged. But if you
really didn't forget anything, try typing `2' now; then
my insertion and my current dilemma will both disappear.

./nota-conj-lin-log-atualizada.tex:302: Missing } inserted.
<inserted text> 
                }
l.302 \end{itemize}
                   
I've inserted something that you may have forgotten.
(See the <inserted text> above.)
With luck, this will get me unwedged. But if you
really didn't forget anything, try typing `2' now; then
my insertion and my current dilemma will both disappear.

\openout3 = `nota-conj-lin-log-atualizada.pyg'.


(./_minted-nota-conj-lin-log-atualizada/587171365E883940802B0537D09271727DE7C38
430C2C01D62B7A7E1185CDF52.pygtex)
Overfull \hbox (71.15616pt too wide) in paragraph at lines 360--360
[]  \TU/lmtt/m/n/10.95 X...CrimeRate Youth Southern Education ExpenditureYear0 
LabourForce Males[] 
 []


Overfull \hbox (65.40741pt too wide) in paragraph at lines 360--360
[]\TU/lmtt/m/n/10.95 1 45.5          135   0        12.4       69              
540          965[] 
 []


Overfull \hbox (65.40741pt too wide) in paragraph at lines 360--360
[]\TU/lmtt/m/n/10.95 2 52.3          140   0        10.9       55              
535         1045[] 
 []


Overfull \hbox (65.40741pt too wide) in paragraph at lines 360--360
[]\TU/lmtt/m/n/10.95 3 56.6          157   1        11.2       47              
512          962[] 
 []


Overfull \hbox (65.40741pt too wide) in paragraph at lines 360--360
[]\TU/lmtt/m/n/10.95 4 60.3          139   1        11.9       46              
480          968[] 
 []


Overfull \hbox (65.40741pt too wide) in paragraph at lines 360--360
[]\TU/lmtt/m/n/10.95 5 64.2          126   0        12.2      106              
599          989[] 
 []


Overfull \hbox (71.15616pt too wide) in paragraph at lines 360--360
[]  \TU/lmtt/m/n/10.95 MoreMales StateSize YouthUnemployment ... ExpenditureYea
r10 LabourForce10[] 
 []


Overfull \hbox (13.66867pt too wide) in paragraph at lines 360--360
[]\TU/lmtt/m/n/10.95 1 0          6         80               ... 71            
    564[] 
 []

[12

]
Overfull \hbox (13.66867pt too wide) in paragraph at lines 360--360
[]\TU/lmtt/m/n/10.95 2 1          6        135               ... 54            
    540[] 
 []


Overfull \hbox (13.66867pt too wide) in paragraph at lines 360--360
[]\TU/lmtt/m/n/10.95 3 0         22         97               ... 44            
    529[] 
 []


Overfull \hbox (13.66867pt too wide) in paragraph at lines 360--360
[]\TU/lmtt/m/n/10.95 4 0         19        135               ... 41            
    497[] 
 []


Overfull \hbox (13.66867pt too wide) in paragraph at lines 360--360
[]\TU/lmtt/m/n/10.95 5 0         40         78               ... 97            
    602[] 
 []


Overfull \hbox (19.41742pt too wide) in paragraph at lines 360--360
[]  \TU/lmtt/m/n/10.95 Males10 MoreMales10 StateSize10 YouthUnemploy10 MatureUn
employ10[] 
 []

[13]
Overfull \hbox (2.2095pt too wide) in paragraph at lines 380--381
[]\TU/lmr/m/n/10.95 Advancel: percentadem de evolução percebida da empresa e po
sto. 
 []

\openout3 = `nota-conj-lin-log-atualizada.pyg'.


(./_minted-nota-conj-lin-log-atualizada/C9CE060429F3A895CBEB73FFC010B53F7DE7C38
430C2C01D62B7A7E1185CDF52.pygtex)
\openout3 = `nota-conj-lin-log-atualizada.pyg'.


(./_minted-nota-conj-lin-log-atualizada/560527502C2B34EADA92B18ED597F9127DE7C38
430C2C01D62B7A7E1185CDF52.pygtex)
\openout3 = `nota-conj-lin-log-atualizada.pyg'.


(./_minted-nota-conj-lin-log-atualizada/94EC7065590DBCE62D7BF79FAB3A7B467DE7C38
430C2C01D62B7A7E1185CDF52.pygtex)
\openout3 = `nota-conj-lin-log-atualizada.pyg'.


(./_minted-nota-conj-lin-log-atualizada/AAF775A5B6C3E30E91D78055C6A87D297DE7C38
430C2C01D62B7A7E1185CDF52.pygtex) [14

]
Overfull \hbox (2.17117pt too wide) in paragraph at lines 422--422
[]  \TU/lmtt/m/n/10.95 rating complaints privileges learning raises critical ad
vance[] 
 []

[15]
\openout3 = `nota-conj-lin-log-atualizada.pyg'.


(./_minted-nota-conj-lin-log-atualizada/E0F7FC6EB03675160402D1AF4ADB7DC07DE7C38
430C2C01D62B7A7E1185CDF52.pygtex)
Overfull \hbox (42.41241pt too wide) in paragraph at lines 496--496
[]  \TU/lmtt/m/n/10.95 ID       Diagnosis Radius.mean Texture.mean Perimeter.me
an Area.mean[] 
 []


Overfull \hbox (25.16617pt too wide) in paragraph at lines 496--496
[]\TU/lmtt/m/n/10.95 1   842302 M         17.99       10.38        122.80      
   1001.0[] 
 []


Overfull \hbox (25.16617pt too wide) in paragraph at lines 496--496
[]\TU/lmtt/m/n/10.95 2   842517 M         20.57       17.77        132.90      
   1326.0[] 
 []


Overfull \hbox (25.16617pt too wide) in paragraph at lines 496--496
[]\TU/lmtt/m/n/10.95 3 84300903 M         19.69       21.25        130.00      
   1203.0[] 
 []


Overfull \hbox (25.16617pt too wide) in paragraph at lines 496--496
[]\TU/lmtt/m/n/10.95 4 84348301 M         11.42       20.38         77.58      
    386.1[] 
 []


Overfull \hbox (25.16617pt too wide) in paragraph at lines 496--496
[]\TU/lmtt/m/n/10.95 5 84358402 M         20.29       14.34        135.10      
   1297.0[] 
 []


Overfull \hbox (65.40741pt too wide) in paragraph at lines 496--496
[]  \TU/lmtt/m/n/10.95 Smoothness.mean Compactness.mean Concavity.mean Concavit
y.poits.mean ...[] 
 []


Overfull \hbox (65.40741pt too wide) in paragraph at lines 496--496
[]\TU/lmtt/m/n/10.95 1 0.11840         0.27760          0.3001         0.14710 
             ...[] 
 []

[16

]
Overfull \hbox (65.40741pt too wide) in paragraph at lines 496--496
[]\TU/lmtt/m/n/10.95 2 0.08474         0.07864          0.0869         0.07017 
             ...[] 
 []


Overfull \hbox (65.40741pt too wide) in paragraph at lines 496--496
[]\TU/lmtt/m/n/10.95 3 0.10960         0.15990          0.1974         0.12790 
             ...[] 
 []


Overfull \hbox (65.40741pt too wide) in paragraph at lines 496--496
[]\TU/lmtt/m/n/10.95 4 0.14250         0.28390          0.2414         0.10520 
             ...[] 
 []


Overfull \hbox (65.40741pt too wide) in paragraph at lines 496--496
[]\TU/lmtt/m/n/10.95 5 0.10030         0.13280          0.1980         0.10430 
             ...[] 
 []


Overfull \hbox (53.90991pt too wide) in paragraph at lines 496--496
[]  \TU/lmtt/m/n/10.95 Radius.worst Texture.worst Perimeter.worst Area.worst Sm
oothness.worst[] 
 []


Overfull \hbox (53.90991pt too wide) in paragraph at lines 496--496
[]  \TU/lmtt/m/n/10.95 Compactness.worst Concavity.worst Concavity.poits.worst 
Symmetry.worst[] 
 []


Overfull \hbox (7.91992pt too wide) in paragraph at lines 496--496
[]\TU/lmtt/m/n/10.95 1 0.6656            0.7119          0.2654                
0.4601[] 
 []


Overfull \hbox (7.91992pt too wide) in paragraph at lines 496--496
[]\TU/lmtt/m/n/10.95 2 0.1866            0.2416          0.1860                
0.2750[] 
 []


Overfull \hbox (7.91992pt too wide) in paragraph at lines 496--496
[]\TU/lmtt/m/n/10.95 3 0.4245            0.4504          0.2430                
0.3613[] 
 []


Overfull \hbox (7.91992pt too wide) in paragraph at lines 496--496
[]\TU/lmtt/m/n/10.95 4 0.8663            0.6869          0.2575                
0.6638[] 
 []


Overfull \hbox (7.91992pt too wide) in paragraph at lines 496--496
[]\TU/lmtt/m/n/10.95 5 0.2050            0.4000          0.1625                
0.2364[] 
 []

[17]
\openout3 = `nota-conj-lin-log-atualizada.pyg'.


(./_minted-nota-conj-lin-log-atualizada/EBC8302576905D4E3AD1FD9DBBB5E11A7DE7C38
430C2C01D62B7A7E1185CDF52.pygtex) [18

] [19]
\openout3 = `nota-conj-lin-log-atualizada.pyg'.


(./_minted-nota-conj-lin-log-atualizada/22F340EAF4539F73B4BCC572A76D4B5D7DE7C38
430C2C01D62B7A7E1185CDF52.pygtex)
Overfull \hbox (48.16116pt too wide) in paragraph at lines 595--595
[]  \TU/lmtt/m/n/10.95 Area  Perimeter Major.Axis Minor.Axis Eccentricity Conve
x.Area Extent[] 
 []


Overfull \hbox (65.40741pt too wide) in paragraph at lines 595--595
[]\TU/lmtt/m/n/10.95 1 15231 525.579   229.7499   85.09379   0.9288820    15617
       0.5728955[] 
 []


Overfull \hbox (65.40741pt too wide) in paragraph at lines 595--595
[]\TU/lmtt/m/n/10.95 2 14656 494.311   206.0201   91.73097   0.8954050    15072
       0.6154363[] 
 []


Overfull \hbox (65.40741pt too wide) in paragraph at lines 595--595
[]\TU/lmtt/m/n/10.95 3 14634 501.122   214.1068   87.76829   0.9121181    14954
       0.6932588[] 
 []


Overfull \hbox (65.40741pt too wide) in paragraph at lines 595--595
[]\TU/lmtt/m/n/10.95 4 13176 458.343   193.3374   87.44839   0.8918609    13368
       0.6406690[] 
 []


Overfull \hbox (65.40741pt too wide) in paragraph at lines 595--595
[]\TU/lmtt/m/n/10.95 5 14688 507.167   211.7434   89.31245   0.9066909    15262
       0.6460239[] 
 []

[20

]
\openout3 = `nota-conj-lin-log-atualizada.pyg'.


(./_minted-nota-conj-lin-log-atualizada/E9F911BB4177321F542B4AB65A2B40707DE7C38
430C2C01D62B7A7E1185CDF52.pygtex)
Overfull \hbox (59.65866pt too wide) in paragraph at lines 645--645
[]  \TU/lmtt/m/n/10.95 day month year Temperature RH Ws Rain FFMC DMC DC   ISI 
BUI FWI Classes[] 
 []


Overfull \hbox (65.40741pt too wide) in paragraph at lines 645--645
[]\TU/lmtt/m/n/10.95 1 01  06    2012 29          57 18 0    65.7 3.4 7.6  1.3 
3.4 0.5 not fire[] 
 []


Overfull \hbox (65.40741pt too wide) in paragraph at lines 645--645
[]\TU/lmtt/m/n/10.95 2 02  06    2012 29          61 13 1.3  64.4 4.1 7.6  1   
3.9 0.4 not fire[] 
 []


Overfull \hbox (65.40741pt too wide) in paragraph at lines 645--645
[]\TU/lmtt/m/n/10.95 3 03  06    2012 26          82 22 13.1 47.1 2.5 7.1  0.3 
2.7 0.1 not fire[] 
 []


Overfull \hbox (65.40741pt too wide) in paragraph at lines 645--645
[]\TU/lmtt/m/n/10.95 4 04  06    2012 25          89 13 2.5  28.6 1.3 6.9  0   
1.7 0   not fire[] 
 []

[21

]
Overfull \hbox (65.40741pt too wide) in paragraph at lines 645--645
[]\TU/lmtt/m/n/10.95 5 05  06    2012 27          77 16 0    64.8 3   14.2 1.2 
3.9 0.5 not fire[] 
 []

[22]
\openout3 = `nota-conj-lin-log-atualizada.pyg'.


(./_minted-nota-conj-lin-log-atualizada/50ED6F1E5800B4D409EF1A36A528E5FA7DE7C38
430C2C01D62B7A7E1185CDF52.pygtex)
Overfull \hbox (94.15115pt too wide) in paragraph at lines 697--697
[]  \TU/lmtt/m/n/10.95 Wife.age Wife.edu Husband.edu Children.num Wife.religion
 Wife.NotWorking.stat[] 
 []


Overfull \hbox (53.90991pt too wide) in paragraph at lines 697--697
[]  \TU/lmtt/m/n/10.95 Husband.occupation Standard.living Media.exposure Contra
ceptive.method[] 
 []

[23

] [24]
\openout3 = `nota-conj-lin-log-atualizada.pyg'.


(./_minted-nota-conj-lin-log-atualizada/A49697F63373E3A573839AC19479B22B7DE7C38
430C2C01D62B7A7E1185CDF52.pygtex)
Overfull \hbox (71.15616pt too wide) in paragraph at lines 756--756
[]  \TU/lmtt/m/n/10.95 DNG  PRE4 PRE5 PRE6 PRE7  PRE8  PRE9  PRE10 PRE11 PRE14 
PRE17 PRE19 PRE25[] 
 []


Overfull \hbox (71.15616pt too wide) in paragraph at lines 756--756
[]\TU/lmtt/m/n/10.95 1 DGN2 2.88 2.16 PRZ1 FALSE FALSE FALSE  TRUE  TRUE OC14  
FALSE FALSE FALSE[] 
 []


Overfull \hbox (71.15616pt too wide) in paragraph at lines 756--756
[]\TU/lmtt/m/n/10.95 2 DGN3 3.40 1.88 PRZ0 FALSE FALSE FALSE FALSE FALSE OC12  
FALSE FALSE FALSE[] 
 []

[25

]
Overfull \hbox (71.15616pt too wide) in paragraph at lines 756--756
[]\TU/lmtt/m/n/10.95 3 DGN3 2.76 2.08 PRZ1 FALSE FALSE FALSE  TRUE FALSE OC11  
FALSE FALSE FALSE[] 
 []


Overfull \hbox (71.15616pt too wide) in paragraph at lines 756--756
[]\TU/lmtt/m/n/10.95 4 DGN3 3.68 3.04 PRZ0 FALSE FALSE FALSE FALSE FALSE OC11  
FALSE FALSE FALSE[] 
 []


Overfull \hbox (71.15616pt too wide) in paragraph at lines 756--756
[]\TU/lmtt/m/n/10.95 5 DGN3 2.44 0.96 PRZ2 FALSE  TRUE FALSE  TRUE  TRUE OC11  
FALSE FALSE FALSE[] 
 []

[26] (./nota-conj-lin-log-atualizada.aux)
Package rerunfilecheck Info: File `nota-conj-lin-log-atualizada.out' has not ch
anged.
(rerunfilecheck)             Checksum: F875BBAA64738B7186075F98DA74644B;9528.
runsystem(rm nota-conj-lin-log-atualizada.pyg)...executed.

 ) 
Here is how much of TeX's memory you used:
 12850 strings out of 476919
 209638 string characters out of 5827673
 578360 words of memory out of 5000000
 32559 multiletter control sequences out of 15000+600000
 409317 words of font info for 66 fonts, out of 8000000 for 9000
 1348 hyphenation exceptions out of 8191
 72i,16n,77p,472b,508s stack positions out of 5000i,500n,10000p,200000b,80000s

Output written on nota-conj-lin-log-atualizada.pdf (26 pages).
