\BOOKMARK [1][-]{section.1}{\376\377\000C\000o\000m\000o\000\040\000a\000c\000e\000s\000s\000a\000r\000\040\000o\000\040\000c\000o\000n\000j\000u\000n\000t\000o\000\040\000d\000e\000\040\000d\000a\000d\000o\000s\000\040\000p\000e\000l\000o\000\040\000l\000i\000n\000k}{}% 1
\BOOKMARK [1][-]{section.2}{\376\377\000A\000n\000\341\000l\000i\000s\000e\000\040\000d\000e\000\040\000R\000e\000g\000r\000e\000s\000s\000\343\000o\000\040\000L\000i\000n\000e\000a\000r\000\040\000e\000\040\000L\000o\000g\000\355\000s\000t\000i\000c\000a\000\040\000M\000\372\000l\000t\000i\000p\000l\000a\000s}{}% 2
\BOOKMARK [2][-]{subsection.2.1}{\376\377\000C\000i\000c\000l\000o\000s\000-\000d\000e\000-\000e\000c\000o\000n\000o\000m\000i\000a\000\040\000s\000a\000l\000a\000r\000i\000a\000l}{section.2}% 3
\BOOKMARK [3][-]{subsubsection.2.1.1}{\376\377\000S\000o\000b\000r\000e\000\040\000o\000\040\000C\000o\000n\000j\000u\000n\000t\000o}{subsection.2.1}% 4
\BOOKMARK [2][-]{subsection.2.2}{\376\377\000I\000n\000t\000e\000l\000i\000g\000\352\000n\000c\000i\000a\000\040\000d\000e\000\040\000p\000r\000o\000d\000\355\000g\000i\000o\000s}{section.2}% 5
\BOOKMARK [3][-]{subsubsection.2.2.1}{\376\377\000S\000o\000b\000r\000e\000\040\000o\000\040\000C\000o\000n\000j\000u\000n\000t\000o}{subsection.2.2}% 6
\BOOKMARK [3][-]{subsubsection.2.2.2}{\376\377\000C\000o\000m\000o\000\040\000u\000t\000i\000l\000i\000z\000a\000r\000\040\000o\000\040\000c\000o\000n\000j\000u\000n\000t\000o\000\040\000p\000o\000r\000\040\000a\000r\000q\000u\000i\000v\000o\000\040\000l\000o\000c\000a\000l}{subsection.2.2}% 7
\BOOKMARK [2][-]{subsection.2.3}{\376\377\000E\000x\000p\000e\000c\000t\000a\000t\000i\000v\000a\000\040\000d\000e\000\040\000V\000i\000d\000a\000\040\000p\000o\000r\000\040\000P\000a\000\355\000s\000\040\000-\000\040\000A\000n\000o\000:\000\040\0002\0000\0001\0005}{section.2}% 8
\BOOKMARK [3][-]{subsubsection.2.3.1}{\376\377\000S\000o\000b\000r\000e\000\040\000o\000\040\000C\000o\000n\000j\000u\000n\000t\000o}{subsection.2.3}% 9
\BOOKMARK [3][-]{subsubsection.2.3.2}{\376\377\000C\000o\000m\000o\000\040\000u\000t\000i\000l\000i\000z\000a\000r\000\040\000o\000\040\000c\000o\000n\000j\000u\000n\000t\000o\000\040\000\050\000c\000\363\000p\000i\000a\000\040\000d\000e\000\040\000a\000r\000q\000u\000i\000v\000o\000\040\000C\000S\000V\000,\000\040\000l\000o\000c\000a\000l\000m\000e\000n\000t\000e\000\051}{subsection.2.3}% 10
\BOOKMARK [3][-]{subsubsection.2.3.3}{\376\377\000C\000o\000m\000o\000\040\000u\000t\000i\000l\000i\000z\000a\000r\000\040\000o\000\040\000c\000o\000n\000j\000u\000n\000t\000o\000\040\000p\000e\000l\000o\000\040\000R}{subsection.2.3}% 11
\BOOKMARK [3][-]{subsubsection.2.3.4}{\376\377\000C\000o\000m\000o\000\040\000u\000t\000i\000l\000i\000z\000a\000r\000\040\000o\000\040\000c\000o\000n\000j\000u\000n\000t\000o\000\040\000p\000o\000r\000\040\000a\000r\000q\000u\000i\000v\000o\000\040\000l\000o\000c\000a\000l}{subsection.2.3}% 12
\BOOKMARK [2][-]{subsection.2.4}{\376\377\000P\000e\000s\000o\000\040\000a\000o\000\040\000N\000a\000s\000c\000i\000m\000e\000n\000t\000o}{section.2}% 13
\BOOKMARK [3][-]{subsubsection.2.4.1}{\376\377\000D\000a\000d\000o\000s\000\040\000s\000o\000b\000r\000e\000\040\000o\000\040\000C\000o\000n\000j\000u\000n\000t\000o}{subsection.2.4}% 14
\BOOKMARK [3][-]{subsubsection.2.4.2}{\376\377\000C\000o\000m\000o\000\040\000u\000t\000i\000l\000i\000z\000a\000r\000\040\000o\000\040\000c\000o\000n\000j\000u\000n\000t\000o\000\040\000\050\000c\000\363\000p\000i\000a\000\040\000d\000e\000\040\000a\000r\000q\000u\000i\000v\000o\000\040\000C\000S\000V\000,\000\040\000l\000o\000c\000a\000l\000m\000e\000n\000t\000e\000\051}{subsection.2.4}% 15
\BOOKMARK [2][-]{subsection.2.5}{\376\377\000T\000a\000x\000a\000\040\000d\000e\000\040\000C\000r\000i\000m\000i\000n\000a\000l\000i\000d\000a\000d\000e}{section.2}% 16
\BOOKMARK [3][-]{subsubsection.2.5.1}{\376\377\000D\000a\000d\000o\000s\000\040\000s\000o\000b\000r\000e\000\040\000o\000\040\000C\000o\000n\000j\000u\000n\000t\000o}{subsection.2.5}% 17
\BOOKMARK [3][-]{subsubsection.2.5.2}{\376\377\000C\000o\000m\000o\000\040\000u\000t\000i\000l\000i\000z\000a\000r\000\040\000o\000\040\000c\000o\000n\000j\000u\000n\000t\000o\000\040\000\050\000c\000\363\000p\000i\000a\000\040\000d\000e\000\040\000a\000r\000q\000u\000i\000v\000o\000\040\000C\000S\000V\000,\000\040\000l\000o\000c\000a\000l\000m\000e\000n\000t\000e\000\051}{subsection.2.5}% 18
\BOOKMARK [2][-]{subsection.2.6}{\376\377\000A\000t\000i\000t\000u\000d\000e\000s\000\040\000e\000m\000\040\000r\000e\000l\000a\000\347\000\343\000o\000\040\000\340\000\040\000e\000m\000p\000r\000e\000s\000a}{section.2}% 19
\BOOKMARK [3][-]{subsubsection.2.6.1}{\376\377\000S\000o\000b\000r\000e\000\040\000o\000\040\000C\000o\000n\000j\000u\000n\000t\000o}{subsection.2.6}% 20
\BOOKMARK [3][-]{subsubsection.2.6.2}{\376\377\000C\000o\000m\000o\000\040\000u\000t\000i\000l\000i\000z\000a\000r\000\040\000p\000e\000l\000o\000\040\000R}{subsection.2.6}% 21
\BOOKMARK [3][-]{subsubsection.2.6.3}{\376\377\000C\000o\000m\000o\000\040\000u\000t\000i\000l\000i\000z\000a\000r\000\040\000o\000\040\000c\000o\000n\000j\000u\000n\000t\000o\000\040\000\050\000c\000\363\000p\000i\000a\000\040\000d\000e\000\040\000a\000r\000q\000u\000i\000v\000o\000\040\000C\000S\000V\000,\000\040\000l\000o\000c\000a\000l\000m\000e\000n\000t\000e\000\051}{subsection.2.6}% 22
\BOOKMARK [2][-]{subsection.2.7}{\376\377\000C\000a\000n\000c\000e\000r\000\040\000d\000e\000\040\000M\000a\000m\000a}{section.2}% 23
\BOOKMARK [3][-]{subsubsection.2.7.1}{\376\377\000S\000o\000b\000r\000e\000\040\000o\000\040\000C\000o\000n\000j\000u\000n\000t\000o}{subsection.2.7}% 24
\BOOKMARK [3][-]{subsubsection.2.7.2}{\376\377\000C\000o\000m\000o\000\040\000u\000t\000i\000l\000i\000z\000a\000r\000\040\000o\000\040\000c\000o\000n\000j\000u\000n\000t\000o\000\040\000\050\000c\000\363\000p\000i\000a\000\040\000d\000e\000\040\000a\000r\000q\000u\000i\000v\000o\000\040\000d\000a\000t\000a\000,\000\040\000l\000o\000c\000a\000l\000m\000e\000n\000t\000e\000\051}{subsection.2.7}% 25
\BOOKMARK [2][-]{subsection.2.8}{\376\377\000D\000i\000a\000b\000e\000t\000e\000s}{section.2}% 26
\BOOKMARK [3][-]{subsubsection.2.8.1}{\376\377\000S\000o\000b\000r\000e\000\040\000o\000\040\000C\000o\000n\000j\000u\000n\000t\000o}{subsection.2.8}% 27
\BOOKMARK [3][-]{subsubsection.2.8.2}{\376\377\000C\000o\000m\000o\000\040\000u\000t\000i\000l\000i\000z\000a\000r\000\040\000o\000\040\000c\000o\000n\000j\000u\000n\000t\000o\000\040\000\050\000c\000\363\000p\000i\000a\000\040\000d\000e\000\040\000a\000r\000q\000u\000i\000v\000o\000\040\000C\000S\000V\000,\000\040\000l\000o\000c\000a\000l\000m\000e\000n\000t\000e\000\051}{subsection.2.8}% 28
\BOOKMARK [2][-]{subsection.2.9}{\376\377\000A\000r\000r\000o\000i\000z\000a\000l}{section.2}% 29
\BOOKMARK [3][-]{subsubsection.2.9.1}{\376\377\000S\000o\000b\000r\000e\000\040\000o\000\040\000C\000o\000n\000j\000u\000n\000t\000o}{subsection.2.9}% 30
\BOOKMARK [3][-]{subsubsection.2.9.2}{\376\377\000C\000o\000m\000o\000\040\000u\000t\000i\000l\000i\000z\000a\000r\000\040\000o\000\040\000c\000o\000n\000j\000u\000n\000t\000o\000\040\000\050\000c\000\363\000p\000i\000a\000\040\000d\000e\000\040\000a\000r\000q\000u\000i\000v\000o\000\040\000C\000S\000V\000,\000\040\000l\000o\000c\000a\000l\000m\000e\000n\000t\000e\000\051}{subsection.2.9}% 31
\BOOKMARK [2][-]{subsection.2.10}{\376\377\000Q\000u\000e\000i\000m\000a\000d\000a\000s\000\040\000e\000m\000\040\000F\000l\000o\000r\000e\000s\000t\000a\000s}{section.2}% 32
\BOOKMARK [3][-]{subsubsection.2.10.1}{\376\377\000S\000o\000b\000r\000e\000\040\000o\000\040\000C\000o\000n\000j\000u\000n\000t\000o}{subsection.2.10}% 33
\BOOKMARK [3][-]{subsubsection.2.10.2}{\376\377\000C\000o\000m\000o\000\040\000u\000t\000i\000l\000i\000z\000a\000r\000\040\000o\000\040\000c\000o\000n\000j\000u\000n\000t\000o\000\040\000\050\000c\000\363\000p\000i\000a\000\040\000d\000e\000\040\000a\000r\000q\000u\000i\000v\000o\000\040\000C\000S\000V\000,\000\040\000l\000o\000c\000a\000l\000m\000e\000n\000t\000e\000\051}{subsection.2.10}% 34
\BOOKMARK [2][-]{subsection.2.11}{\376\377\000M\000\351\000t\000o\000d\000o\000\040\000C\000o\000n\000t\000r\000a\000c\000e\000p\000t\000i\000v\000o}{section.2}% 35
\BOOKMARK [3][-]{subsubsection.2.11.1}{\376\377\000S\000o\000b\000r\000e\000\040\000o\000\040\000C\000o\000n\000j\000u\000n\000t\000o}{subsection.2.11}% 36
\BOOKMARK [3][-]{subsubsection.2.11.2}{\376\377\000C\000o\000m\000o\000\040\000u\000t\000i\000l\000i\000z\000a\000r\000\040\000o\000\040\000c\000o\000n\000j\000u\000n\000t\000o\000\040\000\050\000c\000\363\000p\000i\000a\000\040\000d\000e\000\040\000a\000r\000q\000u\000i\000v\000o\000\040\000d\000a\000t\000a\000,\000\040\000l\000o\000c\000a\000l\000m\000e\000n\000t\000e\000\051}{subsection.2.11}% 37
\BOOKMARK [2][-]{subsection.2.12}{\376\377\000C\000i\000r\000u\000r\000g\000i\000a\000\040\000T\000o\000r\000\341\000x\000i\000c\000a}{section.2}% 38
\BOOKMARK [3][-]{subsubsection.2.12.1}{\376\377\000S\000o\000b\000r\000e\000\040\000o\000\040\000C\000o\000n\000j\000u\000n\000t\000o}{subsection.2.12}% 39
\BOOKMARK [3][-]{subsubsection.2.12.2}{\376\377\000C\000o\000m\000o\000\040\000u\000t\000i\000l\000i\000z\000a\000r\000\040\000o\000\040\000c\000o\000n\000j\000u\000n\000t\000o\000\040\000\050\000c\000\363\000p\000i\000a\000\040\000d\000e\000\040\000a\000r\000q\000u\000i\000v\000o\000\040\000C\000S\000V\000,\000\040\000l\000o\000c\000a\000l\000m\000e\000n\000t\000e\000\051}{subsection.2.12}% 40
